{"level":"info","message":"Header displayed","timestamp":"2026-04-11T20:31:50.926Z","title":"🏥 HEALTH CHECK","type":"header"}
{"level":"info","message":"Application startup","myWallet":"0x132d**********************************2a79","timestamp":"2026-04-11T20:57:55.527Z","traders":["0xfbb7fc19f80b26152fc5886b5eafa7d437f26f27"],"type":"startup"}
{"level":"info","message":"Sending Telegram notification to chat 460178448...","timestamp":"2026-04-11T20:57:55.572Z"}
{"level":"info","message":"Telegram notification sent successfully: 200","timestamp":"2026-04-11T20:57:56.283Z"}
{"level":"info","message":"Performing initial health check...","timestamp":"2026-04-11T20:57:56.283Z"}
{"level":"info","message":"Header displayed","timestamp":"2026-04-11T20:57:57.878Z","title":"🏥 HEALTH CHECK","type":"header"}
{"level":"info","message":"Overall Status: ✅ Healthy","timestamp":"2026-04-11T20:57:57.879Z"}
{"level":"info","message":"Database: ✅ Connected","timestamp":"2026-04-11T20:57:57.880Z"}
{"level":"info","message":"RPC: ✅ RPC endpoint responding","timestamp":"2026-04-11T20:57:57.881Z"}
{"level":"info","message":"Balance: ✅ Balance: $979.22","timestamp":"2026-04-11T20:57:57.881Z"}
{"level":"info","message":"Polymarket API: ✅ API responding","timestamp":"2026-04-11T20:57:57.882Z"}
{"level":"info","message":"Initializing CLOB client(s)...","timestamp":"2026-04-11T20:57:57.883Z"}
{"level":"info","message":"Initializing CLOB client 1/1 for 0x132dd8...2a79","timestamp":"2026-04-11T20:57:57.884Z"}
{"level":"info","message":"CLOB ready for 1 wallet(s)","timestamp":"2026-04-11T20:57:58.659Z","type":"success"}
{"level":"info","message":"Starting trade monitor...","timestamp":"2026-04-11T20:57:58.664Z"}
{"level":"info","message":"Starting trade executor...","timestamp":"2026-04-11T20:57:58.668Z"}
{"level":"info","message":"Trade executor ready for 1 trader(s), 1 wallet(s)","timestamp":"2026-04-11T20:57:58.670Z","type":"success"}
{"level":"info","message":"Database connection status","timestamp":"2026-04-11T20:57:59.025Z","traders":[{"address":"0xfbb7...6f27","trades":0}],"type":"db_connection"}
{"count":0,"currentBalance":979.216639,"initialValue":0,"level":"info","message":"My positions displayed","overallPnl":0,"timestamp":"2026-04-11T20:58:00.007Z","topPositions":[],"totalValue":0,"type":"my_positions","wallet":"0x132d...2a79"}
{"level":"info","message":"Traders positions displayed","timestamp":"2026-04-11T20:58:00.415Z","traders":[{"address":"0xfbb7...6f27","positionCount":0,"positions":[],"profitability":0}],"type":"traders_positions"}
{"level":"info","message":"Monitoring 1 trader(s) every 5s","timestamp":"2026-04-11T20:58:00.415Z","type":"success"}
{"level":"info","message":"First run: marking all historical trades as processed...","timestamp":"2026-04-11T20:58:00.416Z"}
{"level":"info","message":"\nHistorical trades processed. Now monitoring for new trades only.","timestamp":"2026-04-11T20:58:00.762Z","type":"success"}
{"level":"info","message":"New trade detected for 0xfbb7...6f27","timestamp":"2026-04-11T20:58:01.647Z"}
{"level":"info","message":"Header displayed","timestamp":"2026-04-11T20:58:01.741Z","title":"⚡ 1 NEW TRADE TO COPY","type":"header"}
{"action":"BUY","amount":0.09015,"asset":"69994952527119683763737636129646718053373432325486881308686036099130738159041","eventSlug":"highest-temperature-in-atlanta-on-april-11-2026","follower":"0x132dd8...2a79","level":"info","message":"New trade detected","price":0.003,"side":"BUY","slug":"highest-temperature-in-atlanta-on-april-11-2026-88-89f","timestamp":"2026-04-11T20:58:02.101Z","traderAddress":"0xfbb7...6f27","transactionHash":"0x2446ad8c596dd7d827300e1ed0f5bf1f836171bb5caae254ee45c9d7e703378e","type":"trade"}
{"level":"info","message":"New trade detected for 0xfbb7...6f27","timestamp":"2026-04-11T20:58:02.306Z"}
{"level":"info","message":"Balance information displayed","myBalance":979.216639,"timestamp":"2026-04-11T20:58:02.947Z","traderAddress":"0xfbb7...6f27","traderBalance":0,"type":"balance"}
{"level":"info","message":"Executing BUY strategy...","timestamp":"2026-04-11T20:58:02.951Z"}
{"level":"info","message":"Your balance: $979.22","timestamp":"2026-04-11T20:58:02.951Z"}
{"level":"info","message":"Trader bought: $0.09","timestamp":"2026-04-11T20:58:02.951Z"}
{"level":"info","message":"📊 100% of trader's $0.09 = $0.09","timestamp":"2026-04-11T20:58:02.952Z"}
{"level":"info","message":"New trade detected for 0xfbb7...6f27","timestamp":"2026-04-11T20:58:02.963Z"}
{"level":"info","message":"Best ask: 170.2 @ $0.002","timestamp":"2026-04-11T20:58:03.061Z"}
{"level":"info","message":"Remaining amount ($0.09) below minimum - completing trade","timestamp":"2026-04-11T20:58:03.062Z"}
{"level":"info","message":"New trade detected for 0xfbb7...6f27","timestamp":"2026-04-11T20:58:03.618Z"}
{"level":"info","message":"New trade detected for 0xfbb7...6f27","timestamp":"2026-04-11T20:58:04.287Z"}
{"level":"info","message":"Header displayed","timestamp":"2026-04-11T20:58:04.807Z","title":"⚡ 4 NEW TRADES TO COPY","type":"header"}
{"level":"info","message":"New trade detected for 0xfbb7...6f27","timestamp":"2026-04-11T20:58:04.953Z"}
{"action":"BUY","amount":0.09,"asset":"69994952527119683763737636129646718053373432325486881308686036099130738159041","eventSlug":"highest-temperature-in-atlanta-on-april-11-2026","follower":"0x132dd8...2a79","level":"info","message":"New trade detected","price":0.003,"side":"BUY","slug":"highest-temperature-in-atlanta-on-april-11-2026-88-89f","timestamp":"2026-04-11T20:58:05.136Z","traderAddress":"0xfbb7...6f27","transactionHash":"0x7b3ae4e36e1af5a6c9304ed0c34abae3018ce61b0cde4ead2156b5f2fbf1650b","type":"trade"}
{"level":"info","message":"Balance information displayed","myBalance":979.216639,"timestamp":"2026-04-11T20:58:05.520Z","traderAddress":"0xfbb7...6f27","traderBalance":0,"type":"balance"}
{"level":"info","message":"Executing BUY strategy...","timestamp":"2026-04-11T20:58:05.521Z"}
{"level":"info","message":"Your balance: $979.22","timestamp":"2026-04-11T20:58:05.521Z"}
{"level":"info","message":"Trader bought: $0.09","timestamp":"2026-04-11T20:58:05.522Z"}
{"level":"info","message":"📊 100% of trader's $0.09 = $0.09","timestamp":"2026-04-11T20:58:05.522Z"}
{"level":"info","message":"Best ask: 170.2 @ $0.002","timestamp":"2026-04-11T20:58:05.610Z"}
{"level":"info","message":"Remaining amount ($0.09) below minimum - completing trade","timestamp":"2026-04-11T20:58:05.611Z"}
{"level":"info","message":"New trade detected for 0xfbb7...6f27","timestamp":"2026-04-11T20:58:05.616Z"}
{"level":"info","message":"New trade detected for 0xfbb7...6f27","timestamp":"2026-04-11T20:58:06.380Z"}
{"level":"info","message":"New trade detected for 0xfbb7...6f27","timestamp":"2026-04-11T20:58:07.071Z"}
{"action":"BUY","amount":0.144,"asset":"69994952527119683763737636129646718053373432325486881308686036099130738159041","eventSlug":"highest-temperature-in-atlanta-on-april-11-2026","follower":"0x132dd8...2a79","level":"info","message":"New trade detected","price":0.003,"side":"BUY","slug":"highest-temperature-in-atlanta-on-april-11-2026-88-89f","timestamp":"2026-04-11T20:58:07.392Z","traderAddress":"0xfbb7...6f27","transactionHash":"0xc16e76af5b23c5fe26d207173930b22b938f12f00240ee1f37d1c48efd976e58","type":"trade"}
{"level":"info","message":"New trade detected for 0xfbb7...6f27","timestamp":"2026-04-11T20:58:07.726Z"}
{"level":"info","message":"Balance information displayed","myBalance":979.216639,"timestamp":"2026-04-11T20:58:07.744Z","traderAddress":"0xfbb7...6f27","traderBalance":0,"type":"balance"}
{"level":"info","message":"Executing BUY strategy...","timestamp":"2026-04-11T20:58:07.744Z"}
{"level":"info","message":"Your balance: $979.22","timestamp":"2026-04-11T20:58:07.745Z"}
{"level":"info","message":"Trader bought: $0.14","timestamp":"2026-04-11T20:58:07.745Z"}
{"level":"info","message":"📊 100% of trader's $0.14 = $0.14","timestamp":"2026-04-11T20:58:07.745Z"}
{"level":"info","message":"Best ask: 170.2 @ $0.002","timestamp":"2026-04-11T20:58:07.837Z"}
{"level":"info","message":"Remaining amount ($0.14) below minimum - completing trade","timestamp":"2026-04-11T20:58:07.839Z"}
{"level":"info","message":"New trade detected for 0xfbb7...6f27","timestamp":"2026-04-11T20:58:08.423Z"}
{"level":"info","message":"New trade detected for 0xfbb7...6f27","timestamp":"2026-04-11T20:58:09.119Z"}
{"action":"BUY","amount":0.09,"asset":"69994952527119683763737636129646718053373432325486881308686036099130738159041","eventSlug":"highest-temperature-in-atlanta-on-april-11-2026","follower":"0x132dd8...2a79","level":"info","message":"New trade detected","price":0.003,"side":"BUY","slug":"highest-temperature-in-atlanta-on-april-11-2026-88-89f","timestamp":"2026-04-11T20:58:09.508Z","traderAddress":"0xfbb7...6f27","transactionHash":"0x76702a75f98a925b181a754a82b35ddfce06ba0859fdcae39d42c17b35563c92","type":"trade"}
{"level":"info","message":"New trade detected for 0xfbb7...6f27","timestamp":"2026-04-11T20:58:09.776Z"}
{"level":"info","message":"Balance information displayed","myBalance":979.216639,"timestamp":"2026-04-11T20:58:10.359Z","traderAddress":"0xfbb7...6f27","traderBalance":0,"type":"balance"}
{"level":"info","message":"Executing BUY strategy...","timestamp":"2026-04-11T20:58:10.360Z"}
{"level":"info","message":"Your balance: $979.22","timestamp":"2026-04-11T20:58:10.360Z"}
{"level":"info","message":"Trader bought: $0.09","timestamp":"2026-04-11T20:58:10.361Z"}
{"level":"info","message":"📊 100% of trader's $0.09 = $0.09","timestamp":"2026-04-11T20:58:10.361Z"}
{"level":"info","message":"Best ask: 170.2 @ $0.002","timestamp":"2026-04-11T20:58:10.446Z"}
{"level":"info","message":"Remaining amount ($0.09) below minimum - completing trade","timestamp":"2026-04-11T20:58:10.447Z"}
{"level":"info","message":"New trade detected for 0xfbb7...6f27","timestamp":"2026-04-11T20:58:10.469Z"}
{"level":"info","message":"New trade detected for 0xfbb7...6f27","timestamp":"2026-04-11T20:58:11.135Z"}
{"level":"info","message":"New trade detected for 0xfbb7...6f27","timestamp":"2026-04-11T20:58:11.793Z"}
{"action":"BUY","amount":0.02103,"asset":"69994952527119683763737636129646718053373432325486881308686036099130738159041","eventSlug":"highest-temperature-in-atlanta-on-april-11-2026","follower":"0x132dd8...2a79","level":"info","message":"New trade detected","price":0.003,"side":"BUY","slug":"highest-temperature-in-atlanta-on-april-11-2026-88-89f","timestamp":"2026-04-11T20:58:12.158Z","traderAddress":"0xfbb7...6f27","transactionHash":"0x953ae7e5ff3ebdbc67e8e88a7ae1e78ffc4debceadb9a40e4c52418b57e8f88e","type":"trade"}
{"level":"info","message":"New trade detected for 0xfbb7...6f27","timestamp":"2026-04-11T20:58:12.490Z"}
{"level":"info","message":"Balance information displayed","myBalance":979.216639,"timestamp":"2026-04-11T20:58:12.520Z","traderAddress":"0xfbb7...6f27","traderBalance":0,"type":"balance"}
{"level":"info","message":"Executing BUY strategy...","timestamp":"2026-04-11T20:58:12.521Z"}
{"level":"info","message":"Your balance: $979.22","timestamp":"2026-04-11T20:58:12.530Z"}
{"level":"info","message":"Trader bought: $0.02","timestamp":"2026-04-11T20:58:12.530Z"}
{"level":"info","message":"📊 100% of trader's $0.02 = $0.02","timestamp":"2026-04-11T20:58:12.530Z"}
{"level":"info","message":"Best ask: 170.2 @ $0.002","timestamp":"2026-04-11T20:58:12.620Z"}
{"level":"info","message":"Remaining amount ($0.02) below minimum - completing trade","timestamp":"2026-04-11T20:58:12.622Z"}
{"level":"info","message":"New trade detected for 0xfbb7...6f27","timestamp":"2026-04-11T20:58:13.144Z"}
{"level":"info","message":"New trade detected for 0xfbb7...6f27","timestamp":"2026-04-11T20:58:13.800Z"}
{"level":"info","message":"Header displayed","timestamp":"2026-04-11T20:58:14.376Z","title":"⚡ 14 NEW TRADES TO COPY","type":"header"}
{"level":"info","message":"New trade detected for 0xfbb7...6f27","timestamp":"2026-04-11T20:58:14.454Z"}
{"action":"BUY","amount":0.015,"asset":"69994952527119683763737636129646718053373432325486881308686036099130738159041","eventSlug":"highest-temperature-in-atlanta-on-april-11-2026","follower":"0x132dd8...2a79","level":"info","message":"New trade detected","price":0.003,"side":"BUY","slug":"highest-temperature-in-atlanta-on-april-11-2026-88-89f","timestamp":"2026-04-11T20:58:14.740Z","traderAddress":"0xfbb7...6f27","transactionHash":"0x222161660bdbaf804d98174f8df5062ac877193ad042ac4eb87e185d613e927b","type":"trade"}
{"level":"info","message":"New trade detected for 0xfbb7...6f27","timestamp":"2026-04-11T20:58:15.108Z"}
{"level":"info","message":"Balance information displayed","myBalance":979.216639,"timestamp":"2026-04-11T20:58:15.245Z","traderAddress":"0xfbb7...6f27","traderBalance":0,"type":"balance"}
{"level":"info","message":"Executing BUY strategy...","timestamp":"2026-04-11T20:58:15.246Z"}
{"level":"info","message":"Your balance: $979.22","timestamp":"2026-04-11T20:58:15.246Z"}
{"level":"info","message":"Trader bought: $0.01","timestamp":"2026-04-11T20:58:15.246Z"}
{"level":"info","message":"📊 100% of trader's $0.01 = $0.01","timestamp":"2026-04-11T20:58:15.247Z"}
{"level":"info","message":"Best ask: 170.2 @ $0.002","timestamp":"2026-04-11T20:58:15.331Z"}
{"level":"info","message":"Remaining amount ($0.01) below minimum - completing trade","timestamp":"2026-04-11T20:58:15.332Z"}
{"level":"info","message":"New trade detected for 0xfbb7...6f27","timestamp":"2026-04-11T20:58:15.763Z"}
{"level":"info","message":"New trade detected for 0xfbb7...6f27","timestamp":"2026-04-11T20:58:16.420Z"}
{"action":"BUY","amount":0.015,"asset":"69994952527119683763737636129646718053373432325486881308686036099130738159041","eventSlug":"highest-temperature-in-atlanta-on-april-11-2026","follower":"0x132dd8...2a79","level":"info","message":"New trade detected","price":0.003,"side":"BUY","slug":"highest-temperature-in-atlanta-on-april-11-2026-88-89f","timestamp":"2026-04-11T20:58:17.038Z","traderAddress":"0xfbb7...6f27","transactionHash":"0xd624ae980c268e27b8cdb17f59bf260c6597bc6aec3923848677a0469e8d1597","type":"trade"}
{"level":"info","message":"New trade detected for 0xfbb7...6f27","timestamp":"2026-04-11T20:58:17.073Z"}
{"level":"info","message":"Balance information displayed","myBalance":979.216639,"timestamp":"2026-04-11T20:58:17.612Z","traderAddress":"0xfbb7...6f27","traderBalance":0,"type":"balance"}
{"level":"info","message":"Executing BUY strategy...","timestamp":"2026-04-11T20:58:17.613Z"}
{"level":"info","message":"Your balance: $979.22","timestamp":"2026-04-11T20:58:17.613Z"}
{"level":"info","message":"Trader bought: $0.01","timestamp":"2026-04-11T20:58:17.613Z"}
{"level":"info","message":"📊 100% of trader's $0.01 = $0.01","timestamp":"2026-04-11T20:58:17.615Z"}
{"level":"info","message":"Best ask: 170.2 @ $0.002","timestamp":"2026-04-11T20:58:17.693Z"}
{"level":"info","message":"Remaining amount ($0.01) below minimum - completing trade","timestamp":"2026-04-11T20:58:17.694Z"}
{"level":"info","message":"New trade detected for 0xfbb7...6f27","timestamp":"2026-04-11T20:58:17.727Z"}
{"level":"info","message":"New trade detected for 0xfbb7...6f27","timestamp":"2026-04-11T20:58:18.381Z"}
{"level":"info","message":"New trade detected for 0xfbb7...6f27","timestamp":"2026-04-11T20:58:19.039Z"}
{"action":"BUY","amount":0.015,"asset":"69994952527119683763737636129646718053373432325486881308686036099130738159041","eventSlug":"highest-temperature-in-atlanta-on-april-11-2026","follower":"0x132dd8...2a79","level":"info","message":"New trade detected","price":0.003,"side":"BUY","slug":"highest-temperature-in-atlanta-on-april-11-2026-88-89f","timestamp":"2026-04-11T20:58:19.329Z","traderAddress":"0xfbb7...6f27","transactionHash":"0x452736a5474ec2b3f863f6d04e2a18a93c1b8608f25f2e66713ff19523abf9ec","type":"trade"}
{"level":"info","message":"Balance information displayed","myBalance":979.216639,"timestamp":"2026-04-11T20:58:19.675Z","traderAddress":"0xfbb7...6f27","traderBalance":0,"type":"balance"}
{"level":"info","message":"Executing BUY strategy...","timestamp":"2026-04-11T20:58:19.676Z"}
{"level":"info","message":"Your balance: $979.22","timestamp":"2026-04-11T20:58:19.676Z"}
{"level":"info","message":"Trader bought: $0.01","timestamp":"2026-04-11T20:58:19.676Z"}
{"level":"info","message":"📊 100% of trader's $0.01 = $0.01","timestamp":"2026-04-11T20:58:19.676Z"}
{"level":"info","message":"New trade detected for 0xfbb7...6f27","timestamp":"2026-04-11T20:58:19.696Z"}
{"level":"info","message":"Best ask: 170.2 @ $0.002","timestamp":"2026-04-11T20:58:19.757Z"}
{"level":"info","message":"Remaining amount ($0.01) below minimum - completing trade","timestamp":"2026-04-11T20:58:19.758Z"}
{"level":"info","message":"New trade detected for 0xfbb7...6f27","timestamp":"2026-04-11T20:58:20.349Z"}
{"action":"BUY","amount":0.015,"asset":"69994952527119683763737636129646718053373432325486881308686036099130738159041","eventSlug":"highest-temperature-in-atlanta-on-april-11-2026","follower":"0x132dd8...2a79","level":"info","message":"New trade detected","price":0.003,"side":"BUY","slug":"highest-temperature-in-atlanta-on-april-11-2026-88-89f","timestamp":"2026-04-11T20:58:21.425Z","traderAddress":"0xfbb7...6f27","transactionHash":"0x983b0c9ad4416848d675273b1a9da979b8fbb8e5f77246a536de771b8c266c2f","type":"trade"}
{"level":"info","message":"New trade detected for 0xfbb7...6f27","timestamp":"2026-04-11T20:58:21.428Z"}
{"level":"info","message":"Balance information displayed","myBalance":979.216639,"timestamp":"2026-04-11T20:58:21.883Z","traderAddress":"0xfbb7...6f27","traderBalance":0,"type":"balance"}
{"level":"info","message":"Executing BUY strategy...","timestamp":"2026-04-11T20:58:21.883Z"}
{"level":"info","message":"Your balance: $979.22","timestamp":"2026-04-11T20:58:21.884Z"}
{"level":"info","message":"Trader bought: $0.01","timestamp":"2026-04-11T20:58:21.884Z"}
{"level":"info","message":"📊 100% of trader's $0.01 = $0.01","timestamp":"2026-04-11T20:58:21.884Z"}
{"level":"info","message":"Best ask: 170.2 @ $0.002","timestamp":"2026-04-11T20:58:21.970Z"}
{"level":"info","message":"Remaining amount ($0.01) below minimum - completing trade","timestamp":"2026-04-11T20:58:21.972Z"}
{"level":"info","message":"New trade detected for 0xfbb7...6f27","timestamp":"2026-04-11T20:58:22.083Z"}
{"level":"info","message":"New trade detected for 0xfbb7...6f27","timestamp":"2026-04-11T20:58:22.737Z"}
{"level":"info","message":"New trade detected for 0xfbb7...6f27","timestamp":"2026-04-11T20:58:23.390Z"}
{"action":"BUY","amount":0.015,"asset":"69994952527119683763737636129646718053373432325486881308686036099130738159041","eventSlug":"highest-temperature-in-atlanta-on-april-11-2026","follower":"0x132dd8...2a79","level":"info","message":"New trade detected","price":0.003,"side":"BUY","slug":"highest-temperature-in-atlanta-on-april-11-2026-88-89f","timestamp":"2026-04-11T20:58:23.644Z","traderAddress":"0xfbb7...6f27","transactionHash":"0x46f47901ab60d11b9889abe0288542d8e61d1cea55e7824ca8f7192e9480ecec","type":"trade"}
{"level":"info","message":"New trade detected for 0xfbb7...6f27","timestamp":"2026-04-11T20:58:24.041Z"}
{"level":"info","message":"Balance information displayed","myBalance":979.216639,"timestamp":"2026-04-11T20:58:24.384Z","traderAddress":"0xfbb7...6f27","traderBalance":0,"type":"balance"}
{"level":"info","message":"Executing BUY strategy...","timestamp":"2026-04-11T20:58:24.385Z"}
{"level":"info","message":"Your balance: $979.22","timestamp":"2026-04-11T20:58:24.385Z"}
{"level":"info","message":"Trader bought: $0.01","timestamp":"2026-04-11T20:58:24.386Z"}
{"level":"info","message":"📊 100% of trader's $0.01 = $0.01","timestamp":"2026-04-11T20:58:24.386Z"}
{"level":"info","message":"Best ask: 170.2 @ $0.002","timestamp":"2026-04-11T20:58:24.465Z"}
{"level":"info","message":"Remaining amount ($0.01) below minimum - completing trade","timestamp":"2026-04-11T20:58:24.466Z"}
{"level":"info","message":"New trade detected for 0xfbb7...6f27","timestamp":"2026-04-11T20:58:24.697Z"}
{"level":"info","message":"New trade detected for 0xfbb7...6f27","timestamp":"2026-04-11T20:58:25.365Z"}
{"level":"info","message":"New trade detected for 0xfbb7...6f27","timestamp":"2026-04-11T20:58:26.021Z"}
{"action":"BUY","amount":0.015,"asset":"69994952527119683763737636129646718053373432325486881308686036099130738159041","eventSlug":"highest-temperature-in-atlanta-on-april-11-2026","follower":"0x132dd8...2a79","level":"info","message":"New trade detected","price":0.003,"side":"BUY","slug":"highest-temperature-in-atlanta-on-april-11-2026-88-89f","timestamp":"2026-04-11T20:58:26.100Z","traderAddress":"0xfbb7...6f27","transactionHash":"0x6e8193f372fc8acf36739d3f8ad5b9041c4b86bfbb00a6446284b5d6c1279429","type":"trade"}
{"level":"info","message":"Balance information displayed","myBalance":979.216639,"timestamp":"2026-04-11T20:58:26.482Z","traderAddress":"0xfbb7...6f27","traderBalance":0,"type":"balance"}
{"level":"info","message":"Executing BUY strategy...","timestamp":"2026-04-11T20:58:26.483Z"}
{"level":"info","message":"Your balance: $979.22","timestamp":"2026-04-11T20:58:26.484Z"}
{"level":"info","message":"Trader bought: $0.01","timestamp":"2026-04-11T20:58:26.484Z"}
{"level":"info","message":"📊 100% of trader's $0.01 = $0.01","timestamp":"2026-04-11T20:58:26.485Z"}
{"level":"info","message":"Best ask: 170.2 @ $0.002","timestamp":"2026-04-11T20:58:26.579Z"}
{"level":"info","message":"Remaining amount ($0.01) below minimum - completing trade","timestamp":"2026-04-11T20:58:26.580Z"}
{"level":"info","message":"New trade detected for 0xfbb7...6f27","timestamp":"2026-04-11T20:58:26.675Z"}
{"level":"info","message":"New trade detected for 0xfbb7...6f27","timestamp":"2026-04-11T20:58:27.339Z"}
{"level":"info","message":"New trade detected for 0xfbb7...6f27","timestamp":"2026-04-11T20:58:27.992Z"}
{"action":"BUY","amount":0.015,"asset":"69994952527119683763737636129646718053373432325486881308686036099130738159041","eventSlug":"highest-temperature-in-atlanta-on-april-11-2026","follower":"0x132dd8...2a79","level":"info","message":"New trade detected","price":0.003,"side":"BUY","slug":"highest-temperature-in-atlanta-on-april-11-2026-88-89f","timestamp":"2026-04-11T20:58:28.283Z","traderAddress":"0xfbb7...6f27","transactionHash":"0x4d99f63531b5568cc1be1972a12c6be8686f486b13721ca6ea5bb555ac0c4724","type":"trade"}
{"level":"info","message":"New trade detected for 0xfbb7...6f27","timestamp":"2026-04-11T20:58:28.644Z"}
{"level":"info","message":"Balance information displayed","myBalance":979.216639,"timestamp":"2026-04-11T20:58:28.859Z","traderAddress":"0xfbb7...6f27","traderBalance":0,"type":"balance"}
{"level":"info","message":"Executing BUY strategy...","timestamp":"2026-04-11T20:58:28.859Z"}
{"level":"info","message":"Your balance: $979.22","timestamp":"2026-04-11T20:58:28.859Z"}
{"level":"info","message":"Trader bought: $0.01","timestamp":"2026-04-11T20:58:28.860Z"}
{"level":"info","message":"📊 100% of trader's $0.01 = $0.01","timestamp":"2026-04-11T20:58:28.860Z"}
{"level":"info","message":"Best ask: 170.2 @ $0.002","timestamp":"2026-04-11T20:58:28.937Z"}
{"level":"info","message":"Remaining amount ($0.01) below minimum - completing trade","timestamp":"2026-04-11T20:58:28.938Z"}
{"level":"info","message":"New trade detected for 0xfbb7...6f27","timestamp":"2026-04-11T20:58:29.641Z"}
{"level":"info","message":"New trade detected for 0xfbb7...6f27","timestamp":"2026-04-11T20:58:30.295Z"}
{"action":"BUY","amount":0.015,"asset":"69994952527119683763737636129646718053373432325486881308686036099130738159041","eventSlug":"highest-temperature-in-atlanta-on-april-11-2026","follower":"0x132dd8...2a79","level":"info","message":"New trade detected","price":0.003,"side":"BUY","slug":"highest-temperature-in-atlanta-on-april-11-2026-88-89f","timestamp":"2026-04-11T20:58:30.616Z","traderAddress":"0xfbb7...6f27","transactionHash":"0x0f5128ceb5fe44ea078773c8e09d4137290ed8b15a9f084d7e67d3d501777c2b","type":"trade"}
{"level":"info","message":"New trade detected for 0xfbb7...6f27","timestamp":"2026-04-11T20:58:30.947Z"}
{"level":"info","message":"Balance information displayed","myBalance":979.216639,"timestamp":"2026-04-11T20:58:31.339Z","traderAddress":"0xfbb7...6f27","traderBalance":0,"type":"balance"}
{"level":"info","message":"Executing BUY strategy...","timestamp":"2026-04-11T20:58:31.340Z"}
{"level":"info","message":"Your balance: $979.22","timestamp":"2026-04-11T20:58:31.340Z"}
{"level":"info","message":"Trader bought: $0.01","timestamp":"2026-04-11T20:58:31.340Z"}
{"level":"info","message":"📊 100% of trader's $0.01 = $0.01","timestamp":"2026-04-11T20:58:31.341Z"}
{"level":"info","message":"Best ask: 170.2 @ $0.002","timestamp":"2026-04-11T20:58:31.422Z"}
{"level":"info","message":"Remaining amount ($0.01) below minimum - completing trade","timestamp":"2026-04-11T20:58:31.424Z"}
{"level":"info","message":"New trade detected for 0xfbb7...6f27","timestamp":"2026-04-11T20:58:31.604Z"}
{"level":"info","message":"New trade detected for 0xfbb7...6f27","timestamp":"2026-04-11T20:58:32.259Z"}
{"level":"info","message":"New trade detected for 0xfbb7...6f27","timestamp":"2026-04-11T20:58:32.915Z"}
{"action":"BUY","amount":0.015,"asset":"69994952527119683763737636129646718053373432325486881308686036099130738159041","eventSlug":"highest-temperature-in-atlanta-on-april-11-2026","follower":"0x132dd8...2a79","level":"info","message":"New trade detected","price":0.003,"side":"BUY","slug":"highest-temperature-in-atlanta-on-april-11-2026-88-89f","timestamp":"2026-04-11T20:58:33.110Z","traderAddress":"0xfbb7...6f27","transactionHash":"0x90461fd56619bfb897a56f868c4a2c64109f499b53be06069e41651c6ce9270c","type":"trade"}
{"level":"info","message":"Balance information displayed","myBalance":979.216639,"timestamp":"2026-04-11T20:58:33.447Z","traderAddress":"0xfbb7...6f27","traderBalance":0,"type":"balance"}
{"level":"info","message":"Executing BUY strategy...","timestamp":"2026-04-11T20:58:33.448Z"}
{"level":"info","message":"Your balance: $979.22","timestamp":"2026-04-11T20:58:33.448Z"}
{"level":"info","message":"Trader bought: $0.01","timestamp":"2026-04-11T20:58:33.448Z"}
{"level":"info","message":"📊 100% of trader's $0.01 = $0.01","timestamp":"2026-04-11T20:58:33.448Z"}
{"level":"info","message":"Best ask: 170.2 @ $0.002","timestamp":"2026-04-11T20:58:33.531Z"}
{"level":"info","message":"Remaining amount ($0.01) below minimum - completing trade","timestamp":"2026-04-11T20:58:33.531Z"}
{"level":"info","message":"New trade detected for 0xfbb7...6f27","timestamp":"2026-04-11T20:58:33.572Z"}
{"level":"info","message":"New trade detected for 0xfbb7...6f27","timestamp":"2026-04-11T20:58:34.228Z"}
{"level":"info","message":"New trade detected for 0xfbb7...6f27","timestamp":"2026-04-11T20:58:34.880Z"}
{"action":"BUY","amount":0.015,"asset":"69994952527119683763737636129646718053373432325486881308686036099130738159041","eventSlug":"highest-temperature-in-atlanta-on-april-11-2026","follower":"0x132dd8...2a79","level":"info","message":"New trade detected","price":0.003,"side":"BUY","slug":"highest-temperature-in-atlanta-on-april-11-2026-88-89f","timestamp":"2026-04-11T20:58:35.232Z","traderAddress":"0xfbb7...6f27","transactionHash":"0xd6d363b74594b42f139a535798f5ef93607b9d2631e56e331803b28719de2698","type":"trade"}
{"level":"info","message":"New trade detected for 0xfbb7...6f27","timestamp":"2026-04-11T20:58:35.566Z"}
{"level":"info","message":"Balance information displayed","myBalance":979.216639,"timestamp":"2026-04-11T20:58:35.778Z","traderAddress":"0xfbb7...6f27","traderBalance":0,"type":"balance"}
{"level":"info","message":"Executing BUY strategy...","timestamp":"2026-04-11T20:58:35.779Z"}
{"level":"info","message":"Your balance: $979.22","timestamp":"2026-04-11T20:58:35.779Z"}
{"level":"info","message":"Trader bought: $0.01","timestamp":"2026-04-11T20:58:35.779Z"}
{"level":"info","message":"📊 100% of trader's $0.01 = $0.01","timestamp":"2026-04-11T20:58:35.780Z"}
{"level":"info","message":"Best ask: 170.2 @ $0.002","timestamp":"2026-04-11T20:58:35.861Z"}
{"level":"info","message":"Remaining amount ($0.01) below minimum - completing trade","timestamp":"2026-04-11T20:58:35.861Z"}
{"level":"info","message":"New trade detected for 0xfbb7...6f27","timestamp":"2026-04-11T20:58:36.227Z"}
{"level":"info","message":"New trade detected for 0xfbb7...6f27","timestamp":"2026-04-11T20:58:36.886Z"}
{"action":"BUY","amount":0.015,"asset":"69994952527119683763737636129646718053373432325486881308686036099130738159041","eventSlug":"highest-temperature-in-atlanta-on-april-11-2026","follower":"0x132dd8...2a79","level":"info","message":"New trade detected","price":0.003,"side":"BUY","slug":"highest-temperature-in-atlanta-on-april-11-2026-88-89f","timestamp":"2026-04-11T20:58:37.506Z","traderAddress":"0xfbb7...6f27","transactionHash":"0xebda1ddaa1421855f88495f3a6f4d979fbee59c9a5f56030eef1fcf6553b1f39","type":"trade"}
{"level":"info","message":"New trade detected for 0xfbb7...6f27","timestamp":"2026-04-11T20:58:37.550Z"}
{"level":"info","message":"Balance information displayed","myBalance":979.216639,"timestamp":"2026-04-11T20:58:37.914Z","traderAddress":"0xfbb7...6f27","traderBalance":0,"type":"balance"}
{"level":"info","message":"Executing BUY strategy...","timestamp":"2026-04-11T20:58:37.915Z"}
{"level":"info","message":"Your balance: $979.22","timestamp":"2026-04-11T20:58:37.916Z"}
{"level":"info","message":"Trader bought: $0.01","timestamp":"2026-04-11T20:58:37.916Z"}
{"level":"info","message":"📊 100% of trader's $0.01 = $0.01","timestamp":"2026-04-11T20:58:37.917Z"}
{"level":"info","message":"Best ask: 170.2 @ $0.002","timestamp":"2026-04-11T20:58:37.998Z"}
{"level":"info","message":"Remaining amount ($0.01) below minimum - completing trade","timestamp":"2026-04-11T20:58:37.998Z"}
{"level":"info","message":"New trade detected for 0xfbb7...6f27","timestamp":"2026-04-11T20:58:38.214Z"}
{"level":"info","message":"New trade detected for 0xfbb7...6f27","timestamp":"2026-04-11T20:58:38.875Z"}
{"level":"info","message":"New trade detected for 0xfbb7...6f27","timestamp":"2026-04-11T20:58:39.539Z"}
{"action":"BUY","amount":0.015,"asset":"69994952527119683763737636129646718053373432325486881308686036099130738159041","eventSlug":"highest-temperature-in-atlanta-on-april-11-2026","follower":"0x132dd8...2a79","level":"info","message":"New trade detected","price":0.003,"side":"BUY","slug":"highest-temperature-in-atlanta-on-april-11-2026-88-89f","timestamp":"2026-04-11T20:58:39.685Z","traderAddress":"0xfbb7...6f27","transactionHash":"0x7243af63cc09cbdbd95377efe5dba3ac4664b89dfc5258b8be51d1854c506de0","type":"trade"}
{"level":"info","message":"Balance information displayed","myBalance":979.216639,"timestamp":"2026-04-11T20:58:40.030Z","traderAddress":"0xfbb7...6f27","traderBalance":0,"type":"balance"}
{"level":"info","message":"Executing BUY strategy...","timestamp":"2026-04-11T20:58:40.030Z"}
{"level":"info","message":"Your balance: $979.22","timestamp":"2026-04-11T20:58:40.031Z"}
{"level":"info","message":"Trader bought: $0.01","timestamp":"2026-04-11T20:58:40.031Z"}
{"level":"info","message":"📊 100% of trader's $0.01 = $0.01","timestamp":"2026-04-11T20:58:40.031Z"}
{"level":"info","message":"Best ask: 170.2 @ $0.002","timestamp":"2026-04-11T20:58:40.116Z"}
{"level":"info","message":"Remaining amount ($0.01) below minimum - completing trade","timestamp":"2026-04-11T20:58:40.116Z"}
{"level":"info","message":"New trade detected for 0xfbb7...6f27","timestamp":"2026-04-11T20:58:40.196Z"}
{"level":"info","message":"New trade detected for 0xfbb7...6f27","timestamp":"2026-04-11T20:58:40.849Z"}
{"level":"info","message":"New trade detected for 0xfbb7...6f27","timestamp":"2026-04-11T20:58:41.501Z"}
{"action":"BUY","amount":0.015,"asset":"69994952527119683763737636129646718053373432325486881308686036099130738159041","eventSlug":"highest-temperature-in-atlanta-on-april-11-2026","follower":"0x132dd8...2a79","level":"info","message":"New trade detected","price":0.003,"side":"BUY","slug":"highest-temperature-in-atlanta-on-april-11-2026-88-89f","timestamp":"2026-04-11T20:58:41.792Z","traderAddress":"0xfbb7...6f27","transactionHash":"0x43b90940d41e590567503e73973b98620166fea52dff6d4938aecbf41ee107c2","type":"trade"}
{"level":"info","message":"New trade detected for 0xfbb7...6f27","timestamp":"2026-04-11T20:58:42.161Z"}
{"level":"info","message":"Balance information displayed","myBalance":979.216639,"timestamp":"2026-04-11T20:58:42.274Z","traderAddress":"0xfbb7...6f27","traderBalance":0,"type":"balance"}
{"level":"info","message":"Executing BUY strategy...","timestamp":"2026-04-11T20:58:42.275Z"}
{"level":"info","message":"Your balance: $979.22","timestamp":"2026-04-11T20:58:42.276Z"}
{"level":"info","message":"Trader bought: $0.01","timestamp":"2026-04-11T20:58:42.277Z"}
{"level":"info","message":"📊 100% of trader's $0.01 = $0.01","timestamp":"2026-04-11T20:58:42.277Z"}
{"level":"info","message":"Best ask: 170.2 @ $0.002","timestamp":"2026-04-11T20:58:42.363Z"}
{"level":"info","message":"Remaining amount ($0.01) below minimum - completing trade","timestamp":"2026-04-11T20:58:42.364Z"}
{"action":"BUY","amount":0.015,"asset":"69994952527119683763737636129646718053373432325486881308686036099130738159041","eventSlug":"highest-temperature-in-atlanta-on-april-11-2026","follower":"0x132dd8...2a79","level":"info","message":"New trade detected","price":0.003,"side":"BUY","slug":"highest-temperature-in-atlanta-on-april-11-2026-88-89f","timestamp":"2026-04-11T20:58:43.989Z","traderAddress":"0xfbb7...6f27","transactionHash":"0x6c05296826258e2ce288402b1c5c63515a6a54be1f74e761c6bc96b4c715d7e5","type":"trade"}
{"level":"info","message":"Balance information displayed","myBalance":979.216639,"timestamp":"2026-04-11T20:58:44.595Z","traderAddress":"0xfbb7...6f27","traderBalance":0,"type":"balance"}
{"level":"info","message":"Executing BUY strategy...","timestamp":"2026-04-11T20:58:44.595Z"}
{"level":"info","message":"Your balance: $979.22","timestamp":"2026-04-11T20:58:44.595Z"}
{"level":"info","message":"Trader bought: $0.01","timestamp":"2026-04-11T20:58:44.596Z"}
{"level":"info","message":"📊 100% of trader's $0.01 = $0.01","timestamp":"2026-04-11T20:58:44.596Z"}
{"level":"info","message":"Best ask: 170.2 @ $0.002","timestamp":"2026-04-11T20:58:44.805Z"}
{"level":"info","message":"Remaining amount ($0.01) below minimum - completing trade","timestamp":"2026-04-11T20:58:44.806Z"}
{"level":"info","message":"Header displayed","timestamp":"2026-04-11T20:58:46.884Z","title":"⚡ 42 NEW TRADES TO COPY","type":"header"}
{"action":"BUY","amount":0.15003,"asset":"69994952527119683763737636129646718053373432325486881308686036099130738159041","eventSlug":"highest-temperature-in-atlanta-on-april-11-2026","follower":"0x132dd8...2a79","level":"info","message":"New trade detected","price":0.003,"side":"BUY","slug":"highest-temperature-in-atlanta-on-april-11-2026-88-89f","timestamp":"2026-04-11T20:58:47.215Z","traderAddress":"0xfbb7...6f27","transactionHash":"0x4ecfff3a9bdc018fa13cbbb4d158be4678e7150738c7625fcedb378cb8dd7ce2","type":"trade"}
{"level":"info","message":"Balance information displayed","myBalance":979.216639,"timestamp":"2026-04-11T20:58:47.687Z","traderAddress":"0xfbb7...6f27","traderBalance":0,"type":"balance"}
{"level":"info","message":"Executing BUY strategy...","timestamp":"2026-04-11T20:58:47.687Z"}
{"level":"info","message":"Your balance: $979.22","timestamp":"2026-04-11T20:58:47.687Z"}
{"level":"info","message":"Trader bought: $0.15","timestamp":"2026-04-11T20:58:47.688Z"}
{"level":"info","message":"📊 100% of trader's $0.15 = $0.15","timestamp":"2026-04-11T20:58:47.688Z"}
{"level":"info","message":"Best ask: 170.2 @ $0.002","timestamp":"2026-04-11T20:58:47.774Z"}
{"level":"info","message":"Remaining amount ($0.15) below minimum - completing trade","timestamp":"2026-04-11T20:58:47.774Z"}
{"action":"BUY","amount":0.015,"asset":"69994952527119683763737636129646718053373432325486881308686036099130738159041","eventSlug":"highest-temperature-in-atlanta-on-april-11-2026","follower":"0x132dd8...2a79","level":"info","message":"New trade detected","price":0.003,"side":"BUY","slug":"highest-temperature-in-atlanta-on-april-11-2026-88-89f","timestamp":"2026-04-11T20:58:49.439Z","traderAddress":"0xfbb7...6f27","transactionHash":"0x4df7bff289d2e03f46e299415f97cfb937dc4fcbc37b8ebe15402ee4e2f882ff","type":"trade"}
{"level":"info","message":"Balance information displayed","myBalance":979.216639,"timestamp":"2026-04-11T20:58:50.015Z","traderAddress":"0xfbb7...6f27","traderBalance":0,"type":"balance"}
{"level":"info","message":"Executing BUY strategy...","timestamp":"2026-04-11T20:58:50.015Z"}
{"level":"info","message":"Your balance: $979.22","timestamp":"2026-04-11T20:58:50.016Z"}
{"level":"info","message":"Trader bought: $0.01","timestamp":"2026-04-11T20:58:50.018Z"}
{"level":"info","message":"📊 100% of trader's $0.01 = $0.01","timestamp":"2026-04-11T20:58:50.018Z"}
{"level":"info","message":"Best ask: 170.2 @ $0.002","timestamp":"2026-04-11T20:58:50.104Z"}
{"level":"info","message":"Remaining amount ($0.01) below minimum - completing trade","timestamp":"2026-04-11T20:58:50.105Z"}
{"action":"BUY","amount":0.015,"asset":"69994952527119683763737636129646718053373432325486881308686036099130738159041","eventSlug":"highest-temperature-in-atlanta-on-april-11-2026","follower":"0x132dd8...2a79","level":"info","message":"New trade detected","price":0.003,"side":"BUY","slug":"highest-temperature-in-atlanta-on-april-11-2026-88-89f","timestamp":"2026-04-11T20:58:51.741Z","traderAddress":"0xfbb7...6f27","transactionHash":"0x811a4cac784dec3bbf1056cbc1607ffd2a0f610c1afad1412fcfb421fcb6079c","type":"trade"}
{"level":"info","message":"Balance information displayed","myBalance":979.216639,"timestamp":"2026-04-11T20:58:52.064Z","traderAddress":"0xfbb7...6f27","traderBalance":0,"type":"balance"}
{"level":"info","message":"Executing BUY strategy...","timestamp":"2026-04-11T20:58:52.064Z"}
{"level":"info","message":"Your balance: $979.22","timestamp":"2026-04-11T20:58:52.065Z"}
{"level":"info","message":"Trader bought: $0.01","timestamp":"2026-04-11T20:58:52.065Z"}
{"level":"info","message":"📊 100% of trader's $0.01 = $0.01","timestamp":"2026-04-11T20:58:52.065Z"}
{"level":"info","message":"Best ask: 170.2 @ $0.002","timestamp":"2026-04-11T20:58:52.143Z"}
{"level":"info","message":"Remaining amount ($0.01) below minimum - completing trade","timestamp":"2026-04-11T20:58:52.144Z"}
{"action":"BUY","amount":0.015,"asset":"69994952527119683763737636129646718053373432325486881308686036099130738159041","eventSlug":"highest-temperature-in-atlanta-on-april-11-2026","follower":"0x132dd8...2a79","level":"info","message":"New trade detected","price":0.003,"side":"BUY","slug":"highest-temperature-in-atlanta-on-april-11-2026-88-89f","timestamp":"2026-04-11T20:58:53.822Z","traderAddress":"0xfbb7...6f27","transactionHash":"0x1ad89fa265be8746ffe590b3f7790dddea169dec74204c73736e1c965080289f","type":"trade"}
{"level":"info","message":"Balance information displayed","myBalance":979.216639,"timestamp":"2026-04-11T20:58:54.294Z","traderAddress":"0xfbb7...6f27","traderBalance":0,"type":"balance"}
{"level":"info","message":"Executing BUY strategy...","timestamp":"2026-04-11T20:58:54.294Z"}
{"level":"info","message":"Your balance: $979.22","timestamp":"2026-04-11T20:58:54.294Z"}
{"level":"info","message":"Trader bought: $0.01","timestamp":"2026-04-11T20:58:54.295Z"}
{"level":"info","message":"📊 100% of trader's $0.01 = $0.01","timestamp":"2026-04-11T20:58:54.295Z"}
{"level":"info","message":"Best ask: 170.2 @ $0.002","timestamp":"2026-04-11T20:58:54.380Z"}
{"level":"info","message":"Remaining amount ($0.01) below minimum - completing trade","timestamp":"2026-04-11T20:58:54.382Z"}
{"action":"BUY","amount":0.01179,"asset":"69994952527119683763737636129646718053373432325486881308686036099130738159041","eventSlug":"highest-temperature-in-atlanta-on-april-11-2026","follower":"0x132dd8...2a79","level":"info","message":"New trade detected","price":0.003,"side":"BUY","slug":"highest-temperature-in-atlanta-on-april-11-2026-88-89f","timestamp":"2026-04-11T20:58:56.082Z","traderAddress":"0xfbb7...6f27","transactionHash":"0x6827caf5c8740a075bfa2448a91ab1063402ef20a5b88c7f6951845451e53008","type":"trade"}
{"level":"info","message":"Balance information displayed","myBalance":979.216639,"timestamp":"2026-04-11T20:58:56.749Z","traderAddress":"0xfbb7...6f27","traderBalance":0,"type":"balance"}
{"level":"info","message":"Executing BUY strategy...","timestamp":"2026-04-11T20:58:56.751Z"}
{"level":"info","message":"Your balance: $979.22","timestamp":"2026-04-11T20:58:56.762Z"}
{"level":"info","message":"Trader bought: $0.01","timestamp":"2026-04-11T20:58:56.763Z"}
{"level":"info","message":"📊 100% of trader's $0.01 = $0.01","timestamp":"2026-04-11T20:58:56.763Z"}
{"level":"info","message":"Best ask: 170.2 @ $0.002","timestamp":"2026-04-11T20:58:57.014Z"}
{"level":"info","message":"Remaining amount ($0.01) below minimum - completing trade","timestamp":"2026-04-11T20:58:57.028Z"}
{"action":"BUY","amount":0.015,"asset":"69994952527119683763737636129646718053373432325486881308686036099130738159041","eventSlug":"highest-temperature-in-atlanta-on-april-11-2026","follower":"0x132dd8...2a79","level":"info","message":"New trade detected","price":0.003,"side":"BUY","slug":"highest-temperature-in-atlanta-on-april-11-2026-88-89f","timestamp":"2026-04-11T20:58:58.721Z","traderAddress":"0xfbb7...6f27","transactionHash":"0x67e90ca8f8e115a39e84a635b9bd58d0c4aba57e17ed0a3e8087ce7066ebbdc2","type":"trade"}
{"level":"info","message":"Balance information displayed","myBalance":979.216639,"timestamp":"2026-04-11T20:58:59.062Z","traderAddress":"0xfbb7...6f27","traderBalance":0,"type":"balance"}
{"level":"info","message":"Executing BUY strategy...","timestamp":"2026-04-11T20:58:59.063Z"}
{"level":"info","message":"Your balance: $979.22","timestamp":"2026-04-11T20:58:59.063Z"}
{"level":"info","message":"Trader bought: $0.01","timestamp":"2026-04-11T20:58:59.063Z"}
{"level":"info","message":"📊 100% of trader's $0.01 = $0.01","timestamp":"2026-04-11T20:58:59.063Z"}
{"level":"info","message":"Best ask: 170.2 @ $0.002","timestamp":"2026-04-11T20:58:59.149Z"}
{"level":"info","message":"Remaining amount ($0.01) below minimum - completing trade","timestamp":"2026-04-11T20:58:59.151Z"}
{"action":"BUY","amount":0.015,"asset":"69994952527119683763737636129646718053373432325486881308686036099130738159041","eventSlug":"highest-temperature-in-atlanta-on-april-11-2026","follower":"0x132dd8...2a79","level":"info","message":"New trade detected","price":0.003,"side":"BUY","slug":"highest-temperature-in-atlanta-on-april-11-2026-88-89f","timestamp":"2026-04-11T20:59:00.846Z","traderAddress":"0xfbb7...6f27","transactionHash":"0xaf19e2913e66254e103a700e6947a53088487cad268c58421ebdca9a7292a308","type":"trade"}
{"level":"info","message":"Balance information displayed","myBalance":979.216639,"timestamp":"2026-04-11T20:59:01.845Z","traderAddress":"0xfbb7...6f27","traderBalance":0,"type":"balance"}
{"level":"info","message":"Executing BUY strategy...","timestamp":"2026-04-11T20:59:01.846Z"}
{"level":"info","message":"Your balance: $979.22","timestamp":"2026-04-11T20:59:01.846Z"}
{"level":"info","message":"Trader bought: $0.01","timestamp":"2026-04-11T20:59:01.846Z"}
{"level":"info","message":"📊 100% of trader's $0.01 = $0.01","timestamp":"2026-04-11T20:59:01.846Z"}
{"level":"info","message":"Best ask: 170.2 @ $0.002","timestamp":"2026-04-11T20:59:01.935Z"}
{"level":"info","message":"Remaining amount ($0.01) below minimum - completing trade","timestamp":"2026-04-11T20:59:01.936Z"}
{"action":"BUY","amount":0.015,"asset":"69994952527119683763737636129646718053373432325486881308686036099130738159041","eventSlug":"highest-temperature-in-atlanta-on-april-11-2026","follower":"0x132dd8...2a79","level":"info","message":"New trade detected","price":0.003,"side":"BUY","slug":"highest-temperature-in-atlanta-on-april-11-2026-88-89f","timestamp":"2026-04-11T20:59:03.627Z","traderAddress":"0xfbb7...6f27","transactionHash":"0x36ee3ba98a97a34ce0020dee00ea9ba3af00b80bccd69f5f4ad41d1433517728","type":"trade"}
{"level":"info","message":"Balance information displayed","myBalance":979.216639,"timestamp":"2026-04-11T20:59:04.219Z","traderAddress":"0xfbb7...6f27","traderBalance":0,"type":"balance"}
{"level":"info","message":"Executing BUY strategy...","timestamp":"2026-04-11T20:59:04.220Z"}
{"level":"info","message":"Your balance: $979.22","timestamp":"2026-04-11T20:59:04.220Z"}
{"level":"info","message":"Trader bought: $0.01","timestamp":"2026-04-11T20:59:04.223Z"}
{"level":"info","message":"📊 100% of trader's $0.01 = $0.01","timestamp":"2026-04-11T20:59:04.225Z"}
{"level":"info","message":"Best ask: 170.2 @ $0.002","timestamp":"2026-04-11T20:59:04.313Z"}
{"level":"info","message":"Remaining amount ($0.01) below minimum - completing trade","timestamp":"2026-04-11T20:59:04.597Z"}
{"action":"BUY","amount":0.003,"asset":"69994952527119683763737636129646718053373432325486881308686036099130738159041","eventSlug":"highest-temperature-in-atlanta-on-april-11-2026","follower":"0x132dd8...2a79","level":"info","message":"New trade detected","price":0.003,"side":"BUY","slug":"highest-temperature-in-atlanta-on-april-11-2026-88-89f","timestamp":"2026-04-11T20:59:06.486Z","traderAddress":"0xfbb7...6f27","transactionHash":"0x07319fe4139d3beca2ea56ed3b030c0e5a6aefce38831e74a08420a8ca3776b2","type":"trade"}
{"level":"info","message":"Balance information displayed","myBalance":979.216639,"timestamp":"2026-04-11T20:59:06.994Z","traderAddress":"0xfbb7...6f27","traderBalance":0,"type":"balance"}
{"level":"info","message":"Executing BUY strategy...","timestamp":"2026-04-11T20:59:06.994Z"}
{"level":"info","message":"Your balance: $979.22","timestamp":"2026-04-11T20:59:07.309Z"}
{"level":"info","message":"Trader bought: $0.00","timestamp":"2026-04-11T20:59:07.309Z"}
{"level":"info","message":"📊 100% of trader's $0.00 = $0.00 → Below minimum $0.01","timestamp":"2026-04-11T20:59:07.310Z"}
{"action":"BUY","amount":4,"asset":"69703151963368156068128713793285583777441280251372265672874160297215609146770","eventSlug":"highest-temperature-in-nyc-on-april-11-2026","follower":"0x132dd8...2a79","level":"info","message":"New trade detected","price":0.02,"side":"BUY","slug":"highest-temperature-in-nyc-on-april-11-2026-62-63f","timestamp":"2026-04-11T20:59:08.939Z","traderAddress":"0xfbb7...6f27","transactionHash":"0xafe5992922035c10ddc3989b641852fafa02925a15cb3edd67fe4462b097d6df","type":"trade"}
{"level":"info","message":"Sending Telegram notification to chat 460178448...","timestamp":"2026-04-11T20:59:09.123Z"}
{"level":"info","message":"Telegram notification sent successfully: 200","timestamp":"2026-04-11T20:59:09.467Z"}
{"action":"BUY","amount":4,"asset":"83484048035206990519480886202492931953259965022380896052131676095948666098016","eventSlug":"highest-temperature-in-atlanta-on-april-11-2026","follower":"0x132dd8...2a79","level":"info","message":"New trade detected","price":0.02,"side":"BUY","slug":"highest-temperature-in-atlanta-on-april-11-2026-86-87f","timestamp":"2026-04-11T20:59:10.822Z","traderAddress":"0xfbb7...6f27","transactionHash":"0xfb7a1fa0dc9520245906eaa94de3be32a014fd6dc33635c7c4576fd043a33608","type":"trade"}
{"level":"info","message":"Balance information displayed","myBalance":979.216639,"timestamp":"2026-04-11T20:59:11.427Z","traderAddress":"0xfbb7...6f27","traderBalance":0,"type":"balance"}
{"level":"info","message":"Executing BUY strategy...","timestamp":"2026-04-11T20:59:11.428Z"}
{"level":"info","message":"Your balance: $979.22","timestamp":"2026-04-11T20:59:11.428Z"}
{"level":"info","message":"Trader bought: $4.00","timestamp":"2026-04-11T20:59:11.428Z"}
{"level":"info","message":"📊 100% of trader's $4.00 = $4.00","timestamp":"2026-04-11T20:59:11.428Z"}
{"level":"info","message":"Best ask: 52.78 @ $0.01","timestamp":"2026-04-11T20:59:11.513Z"}
{"level":"info","message":"Creating GTC Limit Order: 200.00 tokens @ $0.0200 (Total: $4.00)","timestamp":"2026-04-11T20:59:11.514Z"}
{"level":"info","message":"Best ask: 52.78 @ $0.01","timestamp":"2026-04-11T20:59:12.098Z"}
{"level":"info","message":"Creating GTC Limit Order: 200.00 tokens @ $0.0200 (Total: $4.00)","timestamp":"2026-04-11T20:59:12.099Z"}
{"action":"BUY","amount":0.203131,"asset":"59096521425136143629812864760202293264999557410162142860970524901486846663506","eventSlug":"highest-temperature-in-panama-city-on-april-12-2026","follower":"0x132dd8...2a79","level":"info","message":"New trade detected","price":0.01,"side":"BUY","slug":"highest-temperature-in-panama-city-on-april-12-2026-29c","timestamp":"2026-04-11T20:59:13.963Z","traderAddress":"0xfbb7...6f27","transactionHash":"0xaf0a45abfdbb43f344d9a37c8cbba05031344ff3cdc5dd00f1d38fa93a163903","type":"trade"}
{"level":"info","message":"Sending Telegram notification to chat 460178448...","timestamp":"2026-04-11T20:59:14.155Z"}
{"level":"info","message":"Telegram notification sent successfully: 200","timestamp":"2026-04-11T20:59:14.269Z"}
{"action":"BUY","amount":0.021,"asset":"38685050885102133385062272466068080680144081754039360410717209407611233850537","eventSlug":"highest-temperature-in-madrid-on-april-13-2026","follower":"0x132dd8...2a79","level":"info","message":"New trade detected","price":0.003,"side":"BUY","slug":"highest-temperature-in-madrid-on-april-13-2026-20c","timestamp":"2026-04-11T20:59:15.652Z","traderAddress":"0xfbb7...6f27","transactionHash":"0x9c45968d94f8deaf5c82eba92787a382a0a3c85b9e0decde1e35b3bfe8e0de29","type":"trade"}
{"level":"info","message":"Sending Telegram notification to chat 460178448...","timestamp":"2026-04-11T20:59:15.838Z"}
{"level":"info","message":"Telegram notification sent successfully: 200","timestamp":"2026-04-11T20:59:15.977Z"}
{"action":"BUY","amount":0.021,"asset":"38685050885102133385062272466068080680144081754039360410717209407611233850537","eventSlug":"highest-temperature-in-madrid-on-april-13-2026","follower":"0x132dd8...2a79","level":"info","message":"New trade detected","price":0.003,"side":"BUY","slug":"highest-temperature-in-madrid-on-april-13-2026-20c","timestamp":"2026-04-11T20:59:17.310Z","traderAddress":"0xfbb7...6f27","transactionHash":"0xd13b947250897b4cd4307987fdf5c51e0be38656ef4b354caf109b2be653b72e","type":"trade"}
{"level":"info","message":"Sending Telegram notification to chat 460178448...","timestamp":"2026-04-11T20:59:17.422Z"}
{"level":"info","message":"Telegram notification sent successfully: 200","timestamp":"2026-04-11T20:59:17.522Z"}
{"action":"BUY","amount":0.0214,"asset":"101012057080355263453179390780222283811173366480159130386435335556779546171582","eventSlug":"highest-temperature-in-beijing-on-april-12-2026","follower":"0x132dd8...2a79","level":"info","message":"New trade detected","price":0.02,"side":"BUY","slug":"highest-temperature-in-beijing-on-april-12-2026-24c","timestamp":"2026-04-11T20:59:18.854Z","traderAddress":"0xfbb7...6f27","transactionHash":"0x6ada0288bd32738d0329168f22e041a0f16ae8bb9d512702e43a3bef22f81578","type":"trade"}
{"level":"info","message":"Sending Telegram notification to chat 460178448...","timestamp":"2026-04-11T20:59:19.037Z"}
{"level":"info","message":"Telegram notification sent successfully: 200","timestamp":"2026-04-11T20:59:19.136Z"}
{"action":"BUY","amount":0.034693,"asset":"101012057080355263453179390780222283811173366480159130386435335556779546171582","eventSlug":"highest-temperature-in-beijing-on-april-12-2026","follower":"0x132dd8...2a79","level":"info","message":"New trade detected","price":0.02,"side":"BUY","slug":"highest-temperature-in-beijing-on-april-12-2026-24c","timestamp":"2026-04-11T20:59:20.484Z","traderAddress":"0xfbb7...6f27","transactionHash":"0x5207677f83d063707c164219491fd1cc8defdebbaf26cb491f0f48d3d302e91e","type":"trade"}
{"level":"info","message":"Sending Telegram notification to chat 460178448...","timestamp":"2026-04-11T20:59:20.586Z"}
{"level":"info","message":"Telegram notification sent successfully: 200","timestamp":"2026-04-11T20:59:20.697Z"}
{"action":"BUY","amount":0.020408,"asset":"101012057080355263453179390780222283811173366480159130386435335556779546171582","eventSlug":"highest-temperature-in-beijing-on-april-12-2026","follower":"0x132dd8...2a79","level":"info","message":"New trade detected","price":0.02,"side":"BUY","slug":"highest-temperature-in-beijing-on-april-12-2026-24c","timestamp":"2026-04-11T20:59:22.008Z","traderAddress":"0xfbb7...6f27","transactionHash":"0xb20916a57ea60edb2ffa29c701de41ee4203c770419a93ad0990c56d3c93c84b","type":"trade"}
{"level":"info","message":"Sending Telegram notification to chat 460178448...","timestamp":"2026-04-11T20:59:22.112Z"}
{"level":"info","message":"Telegram notification sent successfully: 200","timestamp":"2026-04-11T20:59:22.229Z"}
{"action":"BUY","amount":0.191038,"asset":"101012057080355263453179390780222283811173366480159130386435335556779546171582","eventSlug":"highest-temperature-in-beijing-on-april-12-2026","follower":"0x132dd8...2a79","level":"info","message":"New trade detected","price":0.02,"side":"BUY","slug":"highest-temperature-in-beijing-on-april-12-2026-24c","timestamp":"2026-04-11T20:59:23.622Z","traderAddress":"0xfbb7...6f27","transactionHash":"0x2f9eccaca382b7baa71b7b53e2f3114c7500dcda2eb70e9374e6101d5fc09aa8","type":"trade"}
{"level":"info","message":"Sending Telegram notification to chat 460178448...","timestamp":"2026-04-11T20:59:23.735Z"}
{"level":"info","message":"Telegram notification sent successfully: 200","timestamp":"2026-04-11T20:59:23.841Z"}
{"action":"BUY","amount":0.021,"asset":"38685050885102133385062272466068080680144081754039360410717209407611233850537","eventSlug":"highest-temperature-in-madrid-on-april-13-2026","follower":"0x132dd8...2a79","level":"info","message":"New trade detected","price":0.003,"side":"BUY","slug":"highest-temperature-in-madrid-on-april-13-2026-20c","timestamp":"2026-04-11T20:59:25.169Z","traderAddress":"0xfbb7...6f27","transactionHash":"0xa81591efb0f86cac367fe226b45933ad936136fd1e15d54eef9e4da579ae8b41","type":"trade"}
{"level":"info","message":"Sending Telegram notification to chat 460178448...","timestamp":"2026-04-11T20:59:25.272Z"}
{"level":"info","message":"Telegram notification sent successfully: 200","timestamp":"2026-04-11T20:59:25.389Z"}
{"action":"BUY","amount":0.10257,"asset":"22430248661279945784702612976499840353704789983013034166222002812119825644243","eventSlug":"highest-temperature-in-madrid-on-april-12-2026","follower":"0x132dd8...2a79","level":"info","message":"New trade detected","price":0.003,"side":"BUY","slug":"highest-temperature-in-madrid-on-april-12-2026-12c","timestamp":"2026-04-11T20:59:26.716Z","traderAddress":"0xfbb7...6f27","transactionHash":"0x5c8c8261dbe174fa837cc070948b29b06215654c2a0813460757009f98fcffa5","type":"trade"}
{"level":"info","message":"Sending Telegram notification to chat 460178448...","timestamp":"2026-04-11T20:59:26.909Z"}
{"level":"info","message":"Telegram notification sent successfully: 200","timestamp":"2026-04-11T20:59:27.025Z"}
{"action":"BUY","amount":0.4866,"asset":"111453969744231668905168544660434091995452501133498254947938791443145495019875","eventSlug":"highest-temperature-in-madrid-on-april-12-2026","follower":"0x132dd8...2a79","level":"info","message":"New trade detected","price":0.02,"side":"BUY","slug":"highest-temperature-in-madrid-on-april-12-2026-13c","timestamp":"2026-04-11T20:59:28.336Z","traderAddress":"0xfbb7...6f27","transactionHash":"0x078ef5d4344933de4ce24814a748774061d44588a87425ad403a8669a813ce53","type":"trade"}
{"level":"info","message":"Sending Telegram notification to chat 460178448...","timestamp":"2026-04-11T20:59:28.536Z"}
{"level":"info","message":"Telegram notification sent successfully: 200","timestamp":"2026-04-11T20:59:28.670Z"}
{"action":"BUY","amount":4,"asset":"13444531652648145500585901019955303331696563932392669951437714197604865263552","eventSlug":"highest-temperature-in-madrid-on-april-12-2026","follower":"0x132dd8...2a79","level":"info","message":"New trade detected","price":0.02,"side":"BUY","slug":"highest-temperature-in-madrid-on-april-12-2026-15c","timestamp":"2026-04-11T20:59:30.045Z","traderAddress":"0xfbb7...6f27","transactionHash":"0x6829087b11c35c12e18895d582b1cb228bdcaaa75f1c1e16ec7776959f0744a9","type":"trade"}
{"level":"info","message":"Sending Telegram notification to chat 460178448...","timestamp":"2026-04-11T20:59:30.233Z"}
{"level":"info","message":"Telegram notification sent successfully: 200","timestamp":"2026-04-11T20:59:30.340Z"}
{"action":"BUY","amount":0.204081,"asset":"21908495646070378985623608097596353583325363820353838036855644421670124139371","eventSlug":"highest-temperature-in-cape-town-on-april-12-2026","follower":"0x132dd8...2a79","level":"info","message":"New trade detected","price":0.02,"side":"BUY","slug":"highest-temperature-in-cape-town-on-april-12-2026-27c","timestamp":"2026-04-11T20:59:31.762Z","traderAddress":"0xfbb7...6f27","transactionHash":"0xbca4834855c6d05a9b878fe11742ac27d26095c6edbf4e9df1db2eda216b2225","type":"trade"}
{"level":"info","message":"Balance information displayed","myBalance":979.216639,"timestamp":"2026-04-11T20:59:32.615Z","traderAddress":"0xfbb7...6f27","traderBalance":0,"type":"balance"}
{"level":"info","message":"Executing BUY strategy...","timestamp":"2026-04-11T20:59:32.616Z"}
{"level":"info","message":"Your balance: $979.22","timestamp":"2026-04-11T20:59:32.617Z"}
{"level":"info","message":"Trader bought: $0.20","timestamp":"2026-04-11T20:59:32.617Z"}
{"level":"info","message":"📊 100% of trader's $0.20 = $0.20","timestamp":"2026-04-11T20:59:32.617Z"}
{"level":"info","message":"Best ask: 5 @ $0.028","timestamp":"2026-04-11T20:59:32.703Z"}
{"level":"info","message":"Remaining amount ($0.20) below minimum - completing trade","timestamp":"2026-04-11T20:59:32.704Z"}
{"action":"BUY","amount":0.100707,"asset":"59096521425136143629812864760202293264999557410162142860970524901486846663506","eventSlug":"highest-temperature-in-panama-city-on-april-12-2026","follower":"0x132dd8...2a79","level":"info","message":"New trade detected","price":0.01,"side":"BUY","slug":"highest-temperature-in-panama-city-on-april-12-2026-29c","timestamp":"2026-04-11T20:59:34.334Z","traderAddress":"0xfbb7...6f27","transactionHash":"0x326be3d49be999cfbd9f4f4e019b19c92b933de940bbb95744dbfb300a0b5d78","type":"trade"}
{"level":"info","message":"Sending Telegram notification to chat 460178448...","timestamp":"2026-04-11T20:59:34.435Z"}
{"level":"info","message":"Telegram notification sent successfully: 200","timestamp":"2026-04-11T20:59:34.548Z"}
{"action":"BUY","amount":0.76,"asset":"7911612812493434795597550236551816975250218710297899564509560287318539831355","eventSlug":"highest-temperature-in-kuala-lumpur-on-april-12-2026","follower":"0x132dd8...2a79","level":"info","message":"New trade detected","price":0.02,"side":"BUY","slug":"highest-temperature-in-kuala-lumpur-on-april-12-2026-35c","timestamp":"2026-04-11T20:59:35.889Z","traderAddress":"0xfbb7...6f27","transactionHash":"0x4639ee333807c6d8735f357959667ee9cad912dad3134299314f49d2bffa03d6","type":"trade"}
{"level":"info","message":"Balance information displayed","myBalance":979.216639,"timestamp":"2026-04-11T20:59:36.321Z","traderAddress":"0xfbb7...6f27","traderBalance":0,"type":"balance"}
{"level":"info","message":"Executing BUY strategy...","timestamp":"2026-04-11T20:59:36.322Z"}
{"level":"info","message":"Your balance: $979.22","timestamp":"2026-04-11T20:59:36.322Z"}
{"level":"info","message":"Trader bought: $0.76","timestamp":"2026-04-11T20:59:36.322Z"}
{"level":"info","message":"📊 100% of trader's $0.76 = $0.76","timestamp":"2026-04-11T20:59:36.323Z"}
{"level":"info","message":"Best ask: 13 @ $0.03","timestamp":"2026-04-11T20:59:36.412Z"}
{"level":"info","message":"Remaining amount ($0.76) below minimum - completing trade","timestamp":"2026-04-11T20:59:36.413Z"}
{"action":"BUY","amount":0.3093,"asset":"100785139738954892642107456929728950003415667352296612953565122179908484644973","eventSlug":"highest-temperature-in-shenzhen-on-april-13-2026","follower":"0x132dd8...2a79","level":"info","message":"New trade detected","price":0.03,"side":"BUY","slug":"highest-temperature-in-shenzhen-on-april-13-2026-32corhigher","timestamp":"2026-04-11T20:59:38.059Z","traderAddress":"0xfbb7...6f27","transactionHash":"0x3357bb9989eae18351d4045a32f5dc2c9bc65d5acd41aa538c88be6f7834e3b9","type":"trade"}
{"level":"info","message":"Balance information displayed","myBalance":979.216639,"timestamp":"2026-04-11T20:59:38.661Z","traderAddress":"0xfbb7...6f27","traderBalance":0,"type":"balance"}
{"level":"info","message":"Executing BUY strategy...","timestamp":"2026-04-11T20:59:38.662Z"}
{"level":"info","message":"Your balance: $979.22","timestamp":"2026-04-11T20:59:38.662Z"}
{"level":"info","message":"Trader bought: $0.31","timestamp":"2026-04-11T20:59:38.662Z"}
{"level":"info","message":"📊 100% of trader's $0.31 = $0.31","timestamp":"2026-04-11T20:59:38.663Z"}
{"level":"info","message":"Best ask: 52 @ $0.037","timestamp":"2026-04-11T20:59:38.753Z"}
{"level":"info","message":"Remaining amount ($0.31) below minimum - completing trade","timestamp":"2026-04-11T20:59:38.754Z"}
{"action":"BUY","amount":0.347884,"asset":"22430248661279945784702612976499840353704789983013034166222002812119825644243","eventSlug":"highest-temperature-in-madrid-on-april-12-2026","follower":"0x132dd8...2a79","level":"info","message":"New trade detected","price":0.003000000008623564,"side":"BUY","slug":"highest-temperature-in-madrid-on-april-12-2026-12c","timestamp":"2026-04-11T20:59:40.385Z","traderAddress":"0xfbb7...6f27","transactionHash":"0xc40a8ea4d47b71322ce183989b267b7884c81f5606a30efd489bf8a485edeee6","type":"trade"}
{"level":"info","message":"Sending Telegram notification to chat 460178448...","timestamp":"2026-04-11T20:59:40.496Z"}
{"level":"info","message":"Telegram notification sent successfully: 200","timestamp":"2026-04-11T20:59:40.853Z"}
{"action":"BUY","amount":1.2534,"asset":"86273166960127023470124411966607424519223714856004409216615855076683858170888","eventSlug":"highest-temperature-in-sao-paulo-on-april-12-2026","follower":"0x132dd8...2a79","level":"info","message":"New trade detected","price":0.03,"side":"BUY","slug":"highest-temperature-in-sao-paulo-on-april-12-2026-25c","timestamp":"2026-04-11T20:59:42.298Z","traderAddress":"0xfbb7...6f27","transactionHash":"0x858cbd8b84fdcb5bb395bef865cc48d635047acfb29410de226e1a6679259452","type":"trade"}
{"level":"info","message":"Sending Telegram notification to chat 460178448...","timestamp":"2026-04-11T20:59:42.479Z"}
{"level":"info","message":"Telegram notification sent successfully: 200","timestamp":"2026-04-11T20:59:42.599Z"}
{"action":"BUY","amount":0.8124,"asset":"86273166960127023470124411966607424519223714856004409216615855076683858170888","eventSlug":"highest-temperature-in-sao-paulo-on-april-12-2026","follower":"0x132dd8...2a79","level":"info","message":"New trade detected","price":0.03,"side":"BUY","slug":"highest-temperature-in-sao-paulo-on-april-12-2026-25c","timestamp":"2026-04-11T20:59:43.935Z","traderAddress":"0xfbb7...6f27","transactionHash":"0x9f77e809390986d51d39eb2324cd2b2dd9c48f083e01a7919210576e39580fc0","type":"trade"}
{"level":"info","message":"Sending Telegram notification to chat 460178448...","timestamp":"2026-04-11T20:59:44.031Z"}
{"level":"info","message":"Telegram notification sent successfully: 200","timestamp":"2026-04-11T20:59:44.166Z"}
{"action":"BUY","amount":0.03939,"asset":"41833180787619247511502452324237719601034497602209369436644298303008559411264","eventSlug":"highest-temperature-in-buenos-aires-on-april-12-2026","follower":"0x132dd8...2a79","level":"info","message":"New trade detected","price":0.003,"side":"BUY","slug":"highest-temperature-in-buenos-aires-on-april-12-2026-21c","timestamp":"2026-04-11T20:59:45.548Z","traderAddress":"0xfbb7...6f27","transactionHash":"0x318dbf15655217945284c391262205b3d3437f64a9c644b80025a74695de250c","type":"trade"}
{"level":"info","message":"Sending Telegram notification to chat 460178448...","timestamp":"2026-04-11T20:59:45.724Z"}
{"level":"info","message":"Telegram notification sent successfully: 200","timestamp":"2026-04-11T20:59:45.825Z"}
{"action":"BUY","amount":0.100707,"asset":"59096521425136143629812864760202293264999557410162142860970524901486846663506","eventSlug":"highest-temperature-in-panama-city-on-april-12-2026","follower":"0x132dd8...2a79","level":"info","message":"New trade detected","price":0.01,"side":"BUY","slug":"highest-temperature-in-panama-city-on-april-12-2026-29c","timestamp":"2026-04-11T20:59:47.186Z","traderAddress":"0xfbb7...6f27","transactionHash":"0x3ac3e5c90b8a0ae90344d393d19ad7932da66ba754a25273273a27dcb1a7a8a4","type":"trade"}
{"level":"info","message":"Sending Telegram notification to chat 460178448...","timestamp":"2026-04-11T20:59:47.289Z"}
{"level":"info","message":"Telegram notification sent successfully: 200","timestamp":"2026-04-11T20:59:47.391Z"}
{"action":"BUY","amount":0.26,"asset":"61785764535275073951957011765497435657222913361327091768255988531660103627064","eventSlug":"highest-temperature-in-istanbul-on-april-13-2026","follower":"0x132dd8...2a79","level":"info","message":"New trade detected","price":0.02,"side":"BUY","slug":"highest-temperature-in-istanbul-on-april-13-2026-16c","timestamp":"2026-04-11T20:59:48.697Z","traderAddress":"0xfbb7...6f27","transactionHash":"0x1e3ad7c9fa4c7c8f4381bcab0a2872f1ecddfd7bdd7a803a7aabfcd079bd07ad","type":"trade"}
{"level":"info","message":"Sending Telegram notification to chat 460178448...","timestamp":"2026-04-11T20:59:48.869Z"}
{"level":"info","message":"Telegram notification sent successfully: 200","timestamp":"2026-04-11T20:59:48.969Z"}
{"action":"BUY","amount":0.041,"asset":"61785764535275073951957011765497435657222913361327091768255988531660103627064","eventSlug":"highest-temperature-in-istanbul-on-april-13-2026","follower":"0x132dd8...2a79","level":"info","message":"New trade detected","price":0.02,"side":"BUY","slug":"highest-temperature-in-istanbul-on-april-13-2026-16c","timestamp":"2026-04-11T20:59:50.681Z","traderAddress":"0xfbb7...6f27","transactionHash":"0x11656402e9bab842dc75868fd6691ff79d1b5b40ad35ff210fe7a5cb5e55fab4","type":"trade"}
{"level":"info","message":"Sending Telegram notification to chat 460178448...","timestamp":"2026-04-11T20:59:50.775Z"}
{"level":"info","message":"Telegram notification sent successfully: 200","timestamp":"2026-04-11T20:59:50.904Z"}
{"action":"BUY","amount":0.02901,"asset":"24819719199552728069815083395529033583374414557291063763233976279336736307267","eventSlug":"highest-temperature-in-warsaw-on-april-12-2026","follower":"0x132dd8...2a79","level":"info","message":"New trade detected","price":0.003,"side":"BUY","slug":"highest-temperature-in-warsaw-on-april-12-2026-10c","timestamp":"2026-04-11T20:59:52.219Z","traderAddress":"0xfbb7...6f27","transactionHash":"0xcf75ab7ab061dc27809a849289ba97bf45f88d1ddc842648f1f869792bd9f08b","type":"trade"}
{"level":"info","message":"Sending Telegram notification to chat 460178448...","timestamp":"2026-04-11T20:59:52.406Z"}
{"level":"info","message":"Telegram notification sent successfully: 200","timestamp":"2026-04-11T20:59:52.515Z"}
{"action":"BUY","amount":0.428798,"asset":"20443544340420555142275874414925680472739741671044622961481173840367802659443","eventSlug":"highest-temperature-in-moscow-on-april-12-2026","follower":"0x132dd8...2a79","level":"info","message":"New trade detected","price":0.02,"side":"BUY","slug":"highest-temperature-in-moscow-on-april-12-2026-8c","timestamp":"2026-04-11T20:59:53.900Z","traderAddress":"0xfbb7...6f27","transactionHash":"0x912983491edf012c57c030676d8e34e9b4c90f8625ba7c35d469281c1c65641c","type":"trade"}
{"level":"info","message":"Sending Telegram notification to chat 460178448...","timestamp":"2026-04-11T20:59:54.090Z"}
{"level":"info","message":"Telegram notification sent successfully: 200","timestamp":"2026-04-11T20:59:54.241Z"}
{"action":"BUY","amount":0.050757,"asset":"59096521425136143629812864760202293264999557410162142860970524901486846663506","eventSlug":"highest-temperature-in-panama-city-on-april-12-2026","follower":"0x132dd8...2a79","level":"info","message":"New trade detected","price":0.01,"side":"BUY","slug":"highest-temperature-in-panama-city-on-april-12-2026-29c","timestamp":"2026-04-11T20:59:55.554Z","traderAddress":"0xfbb7...6f27","transactionHash":"0x821d827b0c4f02d789781d4aba858fa450c8643b275e7a619bd60a298417441f","type":"trade"}
{"level":"info","message":"Sending Telegram notification to chat 460178448...","timestamp":"2026-04-11T20:59:55.658Z"}
{"level":"info","message":"Telegram notification sent successfully: 200","timestamp":"2026-04-11T20:59:55.769Z"}
{"action":"BUY","amount":3,"asset":"45906895086471847615587863185180954760553754704312338958991968806107093008595","eventSlug":"highest-temperature-in-seattle-on-april-12-2026","follower":"0x132dd8...2a79","level":"info","message":"New trade detected","price":0.01,"side":"BUY","slug":"highest-temperature-in-seattle-on-april-12-2026-54-55f","timestamp":"2026-04-11T20:59:57.284Z","traderAddress":"0xfbb7...6f27","transactionHash":"0xe2e2f8f967ba5df64907c00886a04d4caa42e258b2b4f8b3fa09c94dac507b51","type":"trade"}
{"level":"info","message":"Balance information displayed","myBalance":979.216639,"timestamp":"2026-04-11T20:59:58.381Z","traderAddress":"0xfbb7...6f27","traderBalance":0,"type":"balance"}
{"level":"info","message":"Executing BUY strategy...","timestamp":"2026-04-11T20:59:58.383Z"}
{"level":"info","message":"Your balance: $979.22","timestamp":"2026-04-11T20:59:58.383Z"}
{"level":"info","message":"Trader bought: $3.00","timestamp":"2026-04-11T20:59:58.384Z"}
{"level":"info","message":"📊 100% of trader's $3.00 = $3.00","timestamp":"2026-04-11T20:59:58.384Z"}
{"level":"info","message":"Best ask: 7 @ $0.015","timestamp":"2026-04-11T20:59:58.466Z"}
{"level":"info","message":"Creating GTC Limit Order: 300.00 tokens @ $0.0100 (Total: $3.00)","timestamp":"2026-04-11T20:59:58.466Z"}
{"level":"info","message":"Best ask: 7 @ $0.015","timestamp":"2026-04-11T20:59:58.963Z"}
{"level":"info","message":"Creating GTC Limit Order: 300.00 tokens @ $0.0100 (Total: $3.00)","timestamp":"2026-04-11T20:59:58.964Z"}
