{"action":"BUY","amount":0.03,"asset":"38685050885102133385062272466068080680144081754039360410717209407611233850537","eventSlug":"highest-temperature-in-madrid-on-april-13-2026","follower":"0x132dd8...2a79","level":"info","message":"New trade detected","price":0.003,"side":"BUY","slug":"highest-temperature-in-madrid-on-april-13-2026-20c","timestamp":"2026-04-11T21:00:01.122Z","traderAddress":"0xfbb7...6f27","transactionHash":"0x5c58884f6b93733bb138044cc7c1961a03386c7447386c23de4fc0094668a946","type":"trade"}
{"level":"info","message":"Sending Telegram notification to chat 460178448...","timestamp":"2026-04-11T21:00:01.508Z"}
{"level":"info","message":"Telegram notification sent successfully: 200","timestamp":"2026-04-11T21:00:01.997Z"}
{"action":"BUY","amount":0.024072,"asset":"53805892015463748252145541021900902135607868687153306084523433563204115081766","eventSlug":"highest-temperature-in-sao-paulo-on-april-12-2026","follower":"0x132dd8...2a79","level":"info","message":"New trade detected","price":0.003,"side":"BUY","slug":"highest-temperature-in-sao-paulo-on-april-12-2026-23c","timestamp":"2026-04-11T21:00:03.623Z","traderAddress":"0xfbb7...6f27","transactionHash":"0xc89790bd6dc382f88e1da785414453bc1f259f9e7f6c18455644f8d4b72d2bd6","type":"trade"}
{"level":"info","message":"Sending Telegram notification to chat 460178448...","timestamp":"2026-04-11T21:00:03.819Z"}
{"level":"info","message":"Telegram notification sent successfully: 200","timestamp":"2026-04-11T21:00:03.940Z"}
{"action":"BUY","amount":0.024072,"asset":"109553061456378279876512126475251498904803973166095850490921709987065849874709","eventSlug":"highest-temperature-in-sao-paulo-on-april-12-2026","follower":"0x132dd8...2a79","level":"info","message":"New trade detected","price":0.003,"side":"BUY","slug":"highest-temperature-in-sao-paulo-on-april-12-2026-31corhigher","timestamp":"2026-04-11T21:00:05.244Z","traderAddress":"0xfbb7...6f27","transactionHash":"0xb35169f1e017d519371b2d9604d7cbb97ccd6c662c309784636193e7810393b2","type":"trade"}
{"level":"info","message":"Sending Telegram notification to chat 460178448...","timestamp":"2026-04-11T21:00:05.425Z"}
{"level":"info","message":"Telegram notification sent successfully: 200","timestamp":"2026-04-11T21:00:05.531Z"}
{"action":"BUY","amount":0.024072,"asset":"41833180787619247511502452324237719601034497602209369436644298303008559411264","eventSlug":"highest-temperature-in-buenos-aires-on-april-12-2026","follower":"0x132dd8...2a79","level":"info","message":"New trade detected","price":0.003,"side":"BUY","slug":"highest-temperature-in-buenos-aires-on-april-12-2026-21c","timestamp":"2026-04-11T21:00:06.874Z","traderAddress":"0xfbb7...6f27","transactionHash":"0xea471ddc4cdc0d2ed0933d02ef8fd780a9b4dbaa895c4d2efca8bbeb560301b3","type":"trade"}
{"level":"info","message":"Sending Telegram notification to chat 460178448...","timestamp":"2026-04-11T21:00:06.982Z"}
{"level":"info","message":"Telegram notification sent successfully: 200","timestamp":"2026-04-11T21:00:07.091Z"}
{"action":"BUY","amount":0.016032,"asset":"109277541492489014570620601294171431685088488133664385507826047097729878136184","eventSlug":"highest-temperature-in-buenos-aires-on-april-12-2026","follower":"0x132dd8...2a79","level":"info","message":"New trade detected","price":0.002,"side":"BUY","slug":"highest-temperature-in-buenos-aires-on-april-12-2026-29corhigher","timestamp":"2026-04-11T21:00:08.412Z","traderAddress":"0xfbb7...6f27","transactionHash":"0x81868d61e3c60950ad73b7fcaec106e7e9b14273011de6efa03bd8b4dae40ecb","type":"trade"}
{"level":"info","message":"Sending Telegram notification to chat 460178448...","timestamp":"2026-04-11T21:00:08.601Z"}
{"level":"info","message":"Telegram notification sent successfully: 200","timestamp":"2026-04-11T21:00:08.722Z"}
{"level":"info","message":"Application startup","myWallet":"0x132d**********************************2a79","timestamp":"2026-04-11T21:11:37.372Z","traders":["0xfbb7fc19f80b26152fc5886b5eafa7d437f26f27"],"type":"startup"}
{"level":"info","message":"Sending Telegram notification to chat 460178448...","timestamp":"2026-04-11T21:11:37.403Z"}
{"level":"info","message":"Telegram notification sent successfully: 200","timestamp":"2026-04-11T21:11:37.770Z"}
{"level":"info","message":"Performing initial health check...","timestamp":"2026-04-11T21:11:37.771Z"}
{"level":"info","message":"Header displayed","timestamp":"2026-04-11T21:11:39.671Z","title":"🏥 HEALTH CHECK","type":"header"}
{"level":"info","message":"Overall Status: ✅ Healthy","timestamp":"2026-04-11T21:11:39.672Z"}
{"level":"info","message":"Database: ✅ Connected","timestamp":"2026-04-11T21:11:39.672Z"}
{"level":"info","message":"RPC: ✅ RPC endpoint responding","timestamp":"2026-04-11T21:11:39.673Z"}
{"level":"info","message":"Balance: ✅ Balance: $979.22","timestamp":"2026-04-11T21:11:39.674Z"}
{"level":"info","message":"Polymarket API: ✅ API responding","timestamp":"2026-04-11T21:11:39.675Z"}
{"level":"info","message":"Initializing CLOB client(s)...","timestamp":"2026-04-11T21:11:39.675Z"}
{"level":"info","message":"Initializing CLOB client 1/1 for 0x132dd8...2a79","timestamp":"2026-04-11T21:11:39.676Z"}
{"level":"info","message":"CLOB ready for 1 wallet(s)","timestamp":"2026-04-11T21:11:40.395Z","type":"success"}
{"level":"info","message":"Starting trade monitor...","timestamp":"2026-04-11T21:11:40.396Z"}
{"level":"info","message":"Starting trade executor...","timestamp":"2026-04-11T21:11:40.401Z"}
{"level":"info","message":"Trade executor ready for 1 trader(s), 1 wallet(s)","timestamp":"2026-04-11T21:11:40.403Z","type":"success"}
{"level":"info","message":"Database connection status","timestamp":"2026-04-11T21:11:40.767Z","traders":[{"address":"0xfbb7...6f27","trades":61}],"type":"db_connection"}
{"count":0,"currentBalance":979.216639,"initialValue":0,"level":"info","message":"My positions displayed","overallPnl":0,"timestamp":"2026-04-11T21:11:41.162Z","topPositions":[],"totalValue":0,"type":"my_positions","wallet":"0x132d...2a79"}
{"level":"info","message":"Traders positions displayed","timestamp":"2026-04-11T21:11:42.244Z","traders":[{"address":"0xfbb7...6f27","positionCount":100,"positions":[{"avgPrice":0.001,"curPrice":0,"currentValue":0,"outcome":"Yes","percentPnl":-99.9914,"title":"Will the highest temperature in Taipei be 26°C on March 18?"},{"avgPrice":0.002,"curPrice":0,"currentValue":0,"outcome":"Yes","percentPnl":-99.9917,"title":"Will Seattle have between 7 and 8 inches of precipitation in March?"},{"avgPrice":0.003,"curPrice":0,"currentValue":0,"outcome":"Yes","percentPnl":-99.9921,"title":"Will the highest temperature in Seoul be 11°C on April 5?"}],"profitability":0}],"type":"traders_positions"}
{"level":"info","message":"Monitoring 1 trader(s) every 5s","timestamp":"2026-04-11T21:11:42.245Z","type":"success"}
{"level":"info","message":"First run: marking all historical trades as processed...","timestamp":"2026-04-11T21:11:42.245Z"}
{"level":"info","message":"\nHistorical trades processed. Now monitoring for new trades only.","timestamp":"2026-04-11T21:11:42.590Z","type":"success"}
{"level":"info","message":"New trade detected for 0xfbb7...6f27","timestamp":"2026-04-11T21:11:43.527Z"}
{"level":"info","message":"Header displayed","timestamp":"2026-04-11T21:11:43.902Z","title":"⚡ 1 NEW TRADE TO COPY","type":"header"}
{"level":"info","message":"New trade detected for 0xfbb7...6f27","timestamp":"2026-04-11T21:11:44.290Z"}
{"action":"BUY","amount":0.015,"asset":"41833180787619247511502452324237719601034497602209369436644298303008559411264","eventSlug":"highest-temperature-in-buenos-aires-on-april-12-2026","follower":"0x132dd8...2a79","level":"info","message":"New trade detected","price":0.003,"side":"BUY","slug":"highest-temperature-in-buenos-aires-on-april-12-2026-21c","timestamp":"2026-04-11T21:11:44.329Z","traderAddress":"0xfbb7...6f27","transactionHash":"0x157c4f960ec21e055ebc941a8120c59ce85b5c86263cda1a2208a68bb479e271","type":"trade"}
{"level":"info","message":"New trade detected for 0xfbb7...6f27","timestamp":"2026-04-11T21:11:44.956Z"}
{"level":"info","message":"Balance information displayed","myBalance":979.216639,"timestamp":"2026-04-11T21:11:45.158Z","traderAddress":"0xfbb7...6f27","traderBalance":0,"type":"balance"}
{"level":"info","message":"Executing BUY strategy...","timestamp":"2026-04-11T21:11:45.162Z"}
{"level":"info","message":"Your balance: $979.22","timestamp":"2026-04-11T21:11:45.163Z"}
{"level":"info","message":"Trader bought: $0.01","timestamp":"2026-04-11T21:11:45.163Z"}
{"level":"info","message":"📊 100% of trader's $0.01 = $0.01","timestamp":"2026-04-11T21:11:45.164Z"}
{"level":"info","message":"Best ask: 153.6 @ $0.009","timestamp":"2026-04-11T21:11:45.250Z"}
{"level":"info","message":"Remaining amount ($0.01) below minimum - completing trade","timestamp":"2026-04-11T21:11:45.251Z"}
{"level":"info","message":"New trade detected for 0xfbb7...6f27","timestamp":"2026-04-11T21:11:45.626Z"}
{"level":"info","message":"Header displayed","timestamp":"2026-04-11T21:11:47.026Z","title":"⚡ 3 NEW TRADES TO COPY","type":"header"}
{"action":"BUY","amount":0.0052,"asset":"37766399679608060129365436353489728927153638788969476249497358873063696023341","eventSlug":"highest-temperature-in-buenos-aires-on-april-13-2026","follower":"0x132dd8...2a79","level":"info","message":"New trade detected","price":0.004,"side":"BUY","slug":"highest-temperature-in-buenos-aires-on-april-13-2026-20c","timestamp":"2026-04-11T21:11:47.365Z","traderAddress":"0xfbb7...6f27","transactionHash":"0x41fbc4ab2986879717e9578d14ce7faa4352e58f7c393d12669cf7194d666ec0","type":"trade"}
{"level":"info","message":"Balance information displayed","myBalance":979.216639,"timestamp":"2026-04-11T21:11:47.872Z","traderAddress":"0xfbb7...6f27","traderBalance":0,"type":"balance"}
{"level":"info","message":"Executing BUY strategy...","timestamp":"2026-04-11T21:11:47.872Z"}
{"level":"info","message":"Your balance: $979.22","timestamp":"2026-04-11T21:11:47.873Z"}
{"level":"info","message":"Trader bought: $0.01","timestamp":"2026-04-11T21:11:47.873Z"}
{"level":"info","message":"📊 100% of trader's $0.01 = $0.01 → Below minimum $0.01","timestamp":"2026-04-11T21:11:47.874Z"}
{"action":"BUY","amount":0.018,"asset":"65312576438915883453985790204389403222235322759808654242936453806837829325083","eventSlug":"highest-temperature-in-miami-on-april-12-2026","follower":"0x132dd8...2a79","level":"info","message":"New trade detected","price":0.002,"side":"BUY","slug":"highest-temperature-in-miami-on-april-12-2026-72-73f","timestamp":"2026-04-11T21:11:49.632Z","traderAddress":"0xfbb7...6f27","transactionHash":"0x6810b821337e9e536458b9f954802335f52c63176366fed9329acd23e13624a5","type":"trade"}
{"level":"info","message":"Balance information displayed","myBalance":979.216639,"timestamp":"2026-04-11T21:11:50.206Z","traderAddress":"0xfbb7...6f27","traderBalance":0,"type":"balance"}
{"level":"info","message":"Executing BUY strategy...","timestamp":"2026-04-11T21:11:50.206Z"}
{"level":"info","message":"Your balance: $979.22","timestamp":"2026-04-11T21:11:50.207Z"}
{"level":"info","message":"Trader bought: $0.02","timestamp":"2026-04-11T21:11:50.207Z"}
{"level":"info","message":"📊 100% of trader's $0.02 = $0.02","timestamp":"2026-04-11T21:11:50.207Z"}
{"level":"info","message":"Best ask: 23.01 @ $0.005","timestamp":"2026-04-11T21:11:50.297Z"}
{"level":"info","message":"Remaining amount ($0.02) below minimum - completing trade","timestamp":"2026-04-11T21:11:50.298Z"}
{"action":"BUY","amount":0.018,"asset":"65312576438915883453985790204389403222235322759808654242936453806837829325083","eventSlug":"highest-temperature-in-miami-on-april-12-2026","follower":"0x132dd8...2a79","level":"info","message":"New trade detected","price":0.002,"side":"BUY","slug":"highest-temperature-in-miami-on-april-12-2026-72-73f","timestamp":"2026-04-11T21:11:52.013Z","traderAddress":"0xfbb7...6f27","transactionHash":"0xe87f9c0d8d96cfe0bfff10d0a206a5bb62ca568c4449586587be55f887ff0b47","type":"trade"}
{"level":"info","message":"Balance information displayed","myBalance":979.216639,"timestamp":"2026-04-11T21:11:52.619Z","traderAddress":"0xfbb7...6f27","traderBalance":0,"type":"balance"}
{"level":"info","message":"Executing BUY strategy...","timestamp":"2026-04-11T21:11:52.620Z"}
{"level":"info","message":"Your balance: $979.22","timestamp":"2026-04-11T21:11:52.621Z"}
{"level":"info","message":"Trader bought: $0.02","timestamp":"2026-04-11T21:11:52.621Z"}
{"level":"info","message":"📊 100% of trader's $0.02 = $0.02","timestamp":"2026-04-11T21:11:52.622Z"}
{"level":"info","message":"Best ask: 23.01 @ $0.005","timestamp":"2026-04-11T21:11:52.707Z"}
{"level":"info","message":"Remaining amount ($0.02) below minimum - completing trade","timestamp":"2026-04-11T21:11:52.708Z"}
{"level":"info","message":"New trade detected for 0xfbb7...6f27","timestamp":"2026-04-11T21:15:46.899Z"}
{"level":"info","message":"Header displayed","timestamp":"2026-04-11T21:15:46.997Z","title":"⚡ 1 NEW TRADE TO COPY","type":"header"}
{"action":"BUY","amount":0.01864,"asset":"89502503783571268430860645604230027822431206300617327931644982215795442731452","eventSlug":"highest-temperature-in-ankara-on-april-12-2026","follower":"0x132dd8...2a79","level":"info","message":"New trade detected","price":0.002,"side":"BUY","slug":"highest-temperature-in-ankara-on-april-12-2026-14corhigher","timestamp":"2026-04-11T21:15:47.396Z","traderAddress":"0xfbb7...6f27","transactionHash":"0xabb666b41fc7ec38febc748c3677b5e409e4b9bb4d97c5d5a6036b64312692a4","type":"trade"}
{"level":"info","message":"New trade detected for 0xfbb7...6f27","timestamp":"2026-04-11T21:15:47.569Z"}
{"level":"info","message":"Balance information displayed","myBalance":979.216639,"timestamp":"2026-04-11T21:15:48.894Z","traderAddress":"0xfbb7...6f27","traderBalance":0,"type":"balance"}
{"level":"info","message":"Executing BUY strategy...","timestamp":"2026-04-11T21:15:48.894Z"}
{"level":"info","message":"Your balance: $979.22","timestamp":"2026-04-11T21:15:48.894Z"}
{"level":"info","message":"Trader bought: $0.02","timestamp":"2026-04-11T21:15:48.895Z"}
{"level":"info","message":"📊 100% of trader's $0.02 = $0.02","timestamp":"2026-04-11T21:15:48.895Z"}
{"level":"info","message":"Best ask: 30 @ $0.007","timestamp":"2026-04-11T21:15:48.977Z"}
{"level":"info","message":"Remaining amount ($0.02) below minimum - completing trade","timestamp":"2026-04-11T21:15:48.979Z"}
{"level":"info","message":"Header displayed","timestamp":"2026-04-11T21:15:50.756Z","title":"⚡ 1 NEW TRADE TO COPY","type":"header"}
{"action":"BUY","amount":0.01,"asset":"89502503783571268430860645604230027822431206300617327931644982215795442731452","eventSlug":"highest-temperature-in-ankara-on-april-12-2026","follower":"0x132dd8...2a79","level":"info","message":"New trade detected","price":0.002,"side":"BUY","slug":"highest-temperature-in-ankara-on-april-12-2026-14corhigher","timestamp":"2026-04-11T21:15:51.109Z","traderAddress":"0xfbb7...6f27","transactionHash":"0x44fec2fe28055f4c9a305c06bc32d4f019f02dd990ea96ad22d8ad9e505f5b91","type":"trade"}
{"level":"info","message":"Balance information displayed","myBalance":979.216639,"timestamp":"2026-04-11T21:15:51.541Z","traderAddress":"0xfbb7...6f27","traderBalance":0,"type":"balance"}
{"level":"info","message":"Executing BUY strategy...","timestamp":"2026-04-11T21:15:51.542Z"}
{"level":"info","message":"Your balance: $979.22","timestamp":"2026-04-11T21:15:51.542Z"}
{"level":"info","message":"Trader bought: $0.01","timestamp":"2026-04-11T21:15:51.542Z"}
{"level":"info","message":"📊 100% of trader's $0.01 = $0.01","timestamp":"2026-04-11T21:15:51.543Z"}
{"level":"info","message":"Best ask: 30 @ $0.007","timestamp":"2026-04-11T21:15:51.620Z"}
{"level":"info","message":"Remaining amount ($0.01) below minimum - completing trade","timestamp":"2026-04-11T21:15:51.621Z"}
{"level":"info","message":"New trade detected for 0xfbb7...6f27","timestamp":"2026-04-11T21:18:49.367Z"}
{"level":"info","message":"Header displayed","timestamp":"2026-04-11T21:18:49.501Z","title":"⚡ 1 NEW TRADE TO COPY","type":"header"}
{"action":"BUY","amount":3.338075,"asset":"39187191011923391045170288536205849137596165711692273277660628544559636274426","eventSlug":"highest-temperature-in-madrid-on-april-13-2026","follower":"0x132dd8...2a79","level":"info","message":"New trade detected","price":0.030000000179744316,"side":"BUY","slug":"highest-temperature-in-madrid-on-april-13-2026-18c","timestamp":"2026-04-11T21:18:50.264Z","traderAddress":"0xfbb7...6f27","transactionHash":"0x16d733485ce0142596f6f09328d49191ba3d4ff9ce2dd8f09821709e3610646d","type":"trade"}
{"level":"info","message":"New trade detected for 0xfbb7...6f27","timestamp":"2026-04-11T21:18:50.268Z"}
{"level":"info","message":"Balance information displayed","myBalance":979.216639,"timestamp":"2026-04-11T21:18:51.329Z","traderAddress":"0xfbb7...6f27","traderBalance":0,"type":"balance"}
{"level":"info","message":"Executing BUY strategy...","timestamp":"2026-04-11T21:18:51.329Z"}
{"level":"info","message":"Your balance: $979.22","timestamp":"2026-04-11T21:18:51.329Z"}
{"level":"info","message":"Trader bought: $3.34","timestamp":"2026-04-11T21:18:51.329Z"}
{"level":"info","message":"📊 100% of trader's $3.34 = $3.34","timestamp":"2026-04-11T21:18:51.330Z"}
{"level":"info","message":"Best ask: 25 @ $0.05","timestamp":"2026-04-11T21:18:51.412Z"}
{"level":"info","message":"Creating GTC Limit Order: 111.27 tokens @ $0.0300 (Total: $3.34)","timestamp":"2026-04-11T21:18:51.412Z"}
{"level":"info","message":"Best ask: 25 @ $0.05","timestamp":"2026-04-11T21:18:51.887Z"}
{"level":"info","message":"Creating GTC Limit Order: 111.27 tokens @ $0.0300 (Total: $3.34)","timestamp":"2026-04-11T21:18:51.888Z"}
{"level":"info","message":"Header displayed","timestamp":"2026-04-11T21:18:54.174Z","title":"⚡ 1 NEW TRADE TO COPY","type":"header"}
{"action":"BUY","amount":0.100408,"asset":"21908495646070378985623608097596353583325363820353838036855644421670124139371","eventSlug":"highest-temperature-in-cape-town-on-april-12-2026","follower":"0x132dd8...2a79","level":"info","message":"New trade detected","price":0.02,"side":"BUY","slug":"highest-temperature-in-cape-town-on-april-12-2026-27c","timestamp":"2026-04-11T21:18:54.548Z","traderAddress":"0xfbb7...6f27","transactionHash":"0x30fe150022eb0eb03be05afdd2c11440598d56dd87eb4e3500274d79e6809afd","type":"trade"}
{"level":"info","message":"Balance information displayed","myBalance":979.216639,"timestamp":"2026-04-11T21:18:54.985Z","traderAddress":"0xfbb7...6f27","traderBalance":0,"type":"balance"}
{"level":"info","message":"Executing BUY strategy...","timestamp":"2026-04-11T21:18:54.985Z"}
{"level":"info","message":"Your balance: $979.22","timestamp":"2026-04-11T21:18:55.000Z"}
{"level":"info","message":"Trader bought: $0.10","timestamp":"2026-04-11T21:18:55.000Z"}
{"level":"info","message":"📊 100% of trader's $0.10 = $0.10","timestamp":"2026-04-11T21:18:55.000Z"}
{"level":"info","message":"Best ask: 69 @ $0.048","timestamp":"2026-04-11T21:18:55.084Z"}
{"level":"info","message":"Remaining amount ($0.10) below minimum - completing trade","timestamp":"2026-04-11T21:18:55.084Z"}
{"level":"info","message":"New trade detected for 0xfbb7...6f27","timestamp":"2026-04-11T21:21:51.294Z"}
{"level":"info","message":"Header displayed","timestamp":"2026-04-11T21:21:51.315Z","title":"⚡ 1 NEW TRADE TO COPY","type":"header"}
{"action":"BUY","amount":0.04485,"asset":"86332959092609831612862118076247325464598281968062829549560113578434011042099","eventSlug":"highest-temperature-in-los-angeles-on-april-12-2026","follower":"0x132dd8...2a79","level":"info","message":"New trade detected","price":0.001,"side":"BUY","slug":"highest-temperature-in-los-angeles-on-april-12-2026-56-57f","timestamp":"2026-04-11T21:21:51.688Z","traderAddress":"0xfbb7...6f27","transactionHash":"0x1ed2850415fee348b0b2f65c7009f8e7a42606054a799476266e93a1f0d5e174","type":"trade"}
{"level":"info","message":"Sending Telegram notification to chat 460178448...","timestamp":"2026-04-11T21:21:51.901Z"}
{"level":"info","message":"New trade detected for 0xfbb7...6f27","timestamp":"2026-04-11T21:21:51.958Z"}
{"level":"info","message":"Telegram notification sent successfully: 200","timestamp":"2026-04-11T21:21:52.196Z"}
{"level":"info","message":"New trade detected for 0xfbb7...6f27","timestamp":"2026-04-11T21:21:52.638Z"}
{"level":"info","message":"New trade detected for 0xfbb7...6f27","timestamp":"2026-04-11T21:21:53.304Z"}
{"level":"info","message":"Header displayed","timestamp":"2026-04-11T21:21:53.643Z","title":"⚡ 3 NEW TRADES TO COPY","type":"header"}
{"action":"BUY","amount":0.034,"asset":"89502503783571268430860645604230027822431206300617327931644982215795442731452","eventSlug":"highest-temperature-in-ankara-on-april-12-2026","follower":"0x132dd8...2a79","level":"info","message":"New trade detected","price":0.002,"side":"BUY","slug":"highest-temperature-in-ankara-on-april-12-2026-14corhigher","timestamp":"2026-04-11T21:21:53.988Z","traderAddress":"0xfbb7...6f27","transactionHash":"0x9287ecabfb094e3ecb3535436ef221a38021399cfe431edf0af4f7ed6d181d92","type":"trade"}
{"level":"info","message":"Balance information displayed","myBalance":979.216639,"timestamp":"2026-04-11T21:21:54.948Z","traderAddress":"0xfbb7...6f27","traderBalance":0,"type":"balance"}
{"level":"info","message":"Executing BUY strategy...","timestamp":"2026-04-11T21:21:54.948Z"}
{"level":"info","message":"Your balance: $979.22","timestamp":"2026-04-11T21:21:54.949Z"}
{"level":"info","message":"Trader bought: $0.03","timestamp":"2026-04-11T21:21:54.949Z"}
{"level":"info","message":"📊 100% of trader's $0.03 = $0.03","timestamp":"2026-04-11T21:21:54.949Z"}
{"level":"info","message":"Best ask: 30 @ $0.007","timestamp":"2026-04-11T21:21:55.026Z"}
{"level":"info","message":"Remaining amount ($0.03) below minimum - completing trade","timestamp":"2026-04-11T21:21:55.026Z"}
{"action":"BUY","amount":0.034,"asset":"89502503783571268430860645604230027822431206300617327931644982215795442731452","eventSlug":"highest-temperature-in-ankara-on-april-12-2026","follower":"0x132dd8...2a79","level":"info","message":"New trade detected","price":0.002,"side":"BUY","slug":"highest-temperature-in-ankara-on-april-12-2026-14corhigher","timestamp":"2026-04-11T21:21:56.797Z","traderAddress":"0xfbb7...6f27","transactionHash":"0xa372878e88799fc768ca4777c92ba48465349db4066f9fc430b10cc784e755c5","type":"trade"}
{"level":"info","message":"Balance information displayed","myBalance":979.216639,"timestamp":"2026-04-11T21:21:57.179Z","traderAddress":"0xfbb7...6f27","traderBalance":0,"type":"balance"}
{"level":"info","message":"Executing BUY strategy...","timestamp":"2026-04-11T21:21:57.180Z"}
{"level":"info","message":"Your balance: $979.22","timestamp":"2026-04-11T21:21:57.180Z"}
{"level":"info","message":"Trader bought: $0.03","timestamp":"2026-04-11T21:21:57.180Z"}
{"level":"info","message":"📊 100% of trader's $0.03 = $0.03","timestamp":"2026-04-11T21:21:57.180Z"}
{"level":"info","message":"Best ask: 30 @ $0.007","timestamp":"2026-04-11T21:21:57.257Z"}
{"level":"info","message":"Remaining amount ($0.03) below minimum - completing trade","timestamp":"2026-04-11T21:21:57.339Z"}
{"action":"BUY","amount":0.02172,"asset":"24819719199552728069815083395529033583374414557291063763233976279336736307267","eventSlug":"highest-temperature-in-warsaw-on-april-12-2026","follower":"0x132dd8...2a79","level":"info","message":"New trade detected","price":0.003,"side":"BUY","slug":"highest-temperature-in-warsaw-on-april-12-2026-10c","timestamp":"2026-04-11T21:21:59.241Z","traderAddress":"0xfbb7...6f27","transactionHash":"0x54fdf573a9011d75fef8cbe4a48a081848a86a176c374d0fc7fe70d93ed01b2a","type":"trade"}
{"level":"info","message":"Balance information displayed","myBalance":979.216639,"timestamp":"2026-04-11T21:21:59.893Z","traderAddress":"0xfbb7...6f27","traderBalance":0,"type":"balance"}
{"level":"info","message":"Executing BUY strategy...","timestamp":"2026-04-11T21:21:59.894Z"}
{"level":"info","message":"Your balance: $979.22","timestamp":"2026-04-11T21:21:59.894Z"}
{"level":"info","message":"Trader bought: $0.02","timestamp":"2026-04-11T21:21:59.895Z"}
{"level":"info","message":"📊 100% of trader's $0.02 = $0.02","timestamp":"2026-04-11T21:21:59.895Z"}
{"level":"info","message":"Best ask: 0.09 @ $0.006","timestamp":"2026-04-11T21:21:59.974Z"}
{"level":"info","message":"Remaining amount ($0.02) below minimum - completing trade","timestamp":"2026-04-11T21:22:00.399Z"}
{"level":"info","message":"New trade detected for 0xfbb7...6f27","timestamp":"2026-04-11T21:22:55.120Z"}
{"level":"info","message":"Header displayed","timestamp":"2026-04-11T21:22:55.464Z","title":"⚡ 1 NEW TRADE TO COPY","type":"header"}
{"action":"BUY","amount":0.02,"asset":"34783517035777555460778200207962937597505800735653352395502754911123357920503","eventSlug":"highest-temperature-in-wellington-on-april-13-2026","follower":"0x132dd8...2a79","level":"info","message":"New trade detected","price":0.004,"side":"BUY","slug":"highest-temperature-in-wellington-on-april-13-2026-15c","timestamp":"2026-04-11T21:22:55.804Z","traderAddress":"0xfbb7...6f27","transactionHash":"0x36994fb317d08cd5e3a37ac27f0cbf70267feff1251424ff0b434df179a71ee9","type":"trade"}
{"level":"info","message":"New trade detected for 0xfbb7...6f27","timestamp":"2026-04-11T21:22:55.807Z"}
{"level":"info","message":"New trade detected for 0xfbb7...6f27","timestamp":"2026-04-11T21:22:56.470Z"}
{"level":"info","message":"Balance information displayed","myBalance":979.216639,"timestamp":"2026-04-11T21:22:56.718Z","traderAddress":"0xfbb7...6f27","traderBalance":0,"type":"balance"}
{"level":"info","message":"Executing BUY strategy...","timestamp":"2026-04-11T21:22:56.718Z"}
{"level":"info","message":"Your balance: $979.22","timestamp":"2026-04-11T21:22:56.719Z"}
{"level":"info","message":"Trader bought: $0.02","timestamp":"2026-04-11T21:22:56.719Z"}
{"level":"info","message":"📊 100% of trader's $0.02 = $0.02","timestamp":"2026-04-11T21:22:56.719Z"}
{"level":"info","message":"Best ask: 190 @ $0.01","timestamp":"2026-04-11T21:22:56.806Z"}
{"level":"info","message":"Remaining amount ($0.02) below minimum - completing trade","timestamp":"2026-04-11T21:22:56.807Z"}
{"level":"info","message":"New trade detected for 0xfbb7...6f27","timestamp":"2026-04-11T21:22:57.135Z"}
{"level":"info","message":"New trade detected for 0xfbb7...6f27","timestamp":"2026-04-11T21:22:57.800Z"}
{"level":"info","message":"New trade detected for 0xfbb7...6f27","timestamp":"2026-04-11T21:22:58.464Z"}
{"level":"info","message":"Header displayed","timestamp":"2026-04-11T21:22:58.569Z","title":"⚡ 5 NEW TRADES TO COPY","type":"header"}
{"action":"BUY","amount":0.02,"asset":"34783517035777555460778200207962937597505800735653352395502754911123357920503","eventSlug":"highest-temperature-in-wellington-on-april-13-2026","follower":"0x132dd8...2a79","level":"info","message":"New trade detected","price":0.004,"side":"BUY","slug":"highest-temperature-in-wellington-on-april-13-2026-15c","timestamp":"2026-04-11T21:22:58.925Z","traderAddress":"0xfbb7...6f27","transactionHash":"0x90f75cfdfdf261c2d99faaeeefed109dd5f8ec1878061dbed14d305f930c7be4","type":"trade"}
{"level":"info","message":"New trade detected for 0xfbb7...6f27","timestamp":"2026-04-11T21:22:59.129Z"}
{"level":"info","message":"Balance information displayed","myBalance":979.216639,"timestamp":"2026-04-11T21:22:59.289Z","traderAddress":"0xfbb7...6f27","traderBalance":0,"type":"balance"}
{"level":"info","message":"Executing BUY strategy...","timestamp":"2026-04-11T21:22:59.290Z"}
{"level":"info","message":"Your balance: $979.22","timestamp":"2026-04-11T21:22:59.290Z"}
{"level":"info","message":"Trader bought: $0.02","timestamp":"2026-04-11T21:22:59.290Z"}
{"level":"info","message":"📊 100% of trader's $0.02 = $0.02","timestamp":"2026-04-11T21:22:59.290Z"}
{"level":"info","message":"Best ask: 190 @ $0.01","timestamp":"2026-04-11T21:22:59.370Z"}
{"level":"info","message":"Remaining amount ($0.02) below minimum - completing trade","timestamp":"2026-04-11T21:22:59.371Z"}
{"level":"info","message":"New trade detected for 0xfbb7...6f27","timestamp":"2026-04-11T21:22:59.799Z"}
{"level":"info","message":"New trade detected for 0xfbb7...6f27","timestamp":"2026-04-11T21:23:00.471Z"}
{"action":"BUY","amount":0.02,"asset":"34783517035777555460778200207962937597505800735653352395502754911123357920503","eventSlug":"highest-temperature-in-wellington-on-april-13-2026","follower":"0x132dd8...2a79","level":"info","message":"New trade detected","price":0.004,"side":"BUY","slug":"highest-temperature-in-wellington-on-april-13-2026-15c","timestamp":"2026-04-11T21:23:01.156Z","traderAddress":"0xfbb7...6f27","transactionHash":"0xad879261a56c95c4c8e72bf20134a53bddef519e30d54ce0daad315cd7072aee","type":"trade"}
{"level":"info","message":"New trade detected for 0xfbb7...6f27","timestamp":"2026-04-11T21:23:01.159Z"}
{"level":"info","message":"Balance information displayed","myBalance":979.216639,"timestamp":"2026-04-11T21:23:01.630Z","traderAddress":"0xfbb7...6f27","traderBalance":0,"type":"balance"}
{"level":"info","message":"Executing BUY strategy...","timestamp":"2026-04-11T21:23:01.630Z"}
{"level":"info","message":"Your balance: $979.22","timestamp":"2026-04-11T21:23:01.630Z"}
{"level":"info","message":"Trader bought: $0.02","timestamp":"2026-04-11T21:23:01.631Z"}
{"level":"info","message":"📊 100% of trader's $0.02 = $0.02","timestamp":"2026-04-11T21:23:01.631Z"}
{"level":"info","message":"Best ask: 190 @ $0.01","timestamp":"2026-04-11T21:23:01.707Z"}
{"level":"info","message":"Remaining amount ($0.02) below minimum - completing trade","timestamp":"2026-04-11T21:23:01.707Z"}
{"level":"info","message":"New trade detected for 0xfbb7...6f27","timestamp":"2026-04-11T21:23:01.824Z"}
{"level":"info","message":"New trade detected for 0xfbb7...6f27","timestamp":"2026-04-11T21:23:02.494Z"}
{"level":"info","message":"New trade detected for 0xfbb7...6f27","timestamp":"2026-04-11T21:23:03.160Z"}
{"action":"BUY","amount":0.02,"asset":"34783517035777555460778200207962937597505800735653352395502754911123357920503","eventSlug":"highest-temperature-in-wellington-on-april-13-2026","follower":"0x132dd8...2a79","level":"info","message":"New trade detected","price":0.004,"side":"BUY","slug":"highest-temperature-in-wellington-on-april-13-2026-15c","timestamp":"2026-04-11T21:23:03.404Z","traderAddress":"0xfbb7...6f27","transactionHash":"0xd09da97360bf4980aaffe1d7f67a62567f0b6a2a3aa9d4d60892d2e6deef3991","type":"trade"}
{"level":"info","message":"New trade detected for 0xfbb7...6f27","timestamp":"2026-04-11T21:23:03.824Z"}
{"level":"info","message":"Balance information displayed","myBalance":979.216639,"timestamp":"2026-04-11T21:23:03.979Z","traderAddress":"0xfbb7...6f27","traderBalance":0,"type":"balance"}
{"level":"info","message":"Executing BUY strategy...","timestamp":"2026-04-11T21:23:03.980Z"}
{"level":"info","message":"Your balance: $979.22","timestamp":"2026-04-11T21:23:03.980Z"}
{"level":"info","message":"Trader bought: $0.02","timestamp":"2026-04-11T21:23:03.980Z"}
{"level":"info","message":"📊 100% of trader's $0.02 = $0.02","timestamp":"2026-04-11T21:23:03.980Z"}
{"level":"info","message":"Best ask: 190 @ $0.01","timestamp":"2026-04-11T21:23:04.057Z"}
{"level":"info","message":"Remaining amount ($0.02) below minimum - completing trade","timestamp":"2026-04-11T21:23:04.060Z"}
{"level":"info","message":"New trade detected for 0xfbb7...6f27","timestamp":"2026-04-11T21:23:04.489Z"}
{"level":"info","message":"New trade detected for 0xfbb7...6f27","timestamp":"2026-04-11T21:23:05.164Z"}
{"action":"BUY","amount":0.02,"asset":"34783517035777555460778200207962937597505800735653352395502754911123357920503","eventSlug":"highest-temperature-in-wellington-on-april-13-2026","follower":"0x132dd8...2a79","level":"info","message":"New trade detected","price":0.004,"side":"BUY","slug":"highest-temperature-in-wellington-on-april-13-2026-15c","timestamp":"2026-04-11T21:23:05.762Z","traderAddress":"0xfbb7...6f27","transactionHash":"0x1e4c3a702831866ce62c401f301c446936b4524603eb9e997e207beae2a5e70f","type":"trade"}
{"level":"info","message":"New trade detected for 0xfbb7...6f27","timestamp":"2026-04-11T21:23:05.835Z"}
{"level":"info","message":"Balance information displayed","myBalance":979.216639,"timestamp":"2026-04-11T21:23:06.118Z","traderAddress":"0xfbb7...6f27","traderBalance":0,"type":"balance"}
{"level":"info","message":"Executing BUY strategy...","timestamp":"2026-04-11T21:23:06.118Z"}
{"level":"info","message":"Your balance: $979.22","timestamp":"2026-04-11T21:23:06.118Z"}
{"level":"info","message":"Trader bought: $0.02","timestamp":"2026-04-11T21:23:06.118Z"}
{"level":"info","message":"📊 100% of trader's $0.02 = $0.02","timestamp":"2026-04-11T21:23:06.119Z"}
{"level":"info","message":"Best ask: 190 @ $0.01","timestamp":"2026-04-11T21:23:06.195Z"}
{"level":"info","message":"Remaining amount ($0.02) below minimum - completing trade","timestamp":"2026-04-11T21:23:06.196Z"}
{"level":"info","message":"New trade detected for 0xfbb7...6f27","timestamp":"2026-04-11T21:23:06.555Z"}
{"level":"info","message":"New trade detected for 0xfbb7...6f27","timestamp":"2026-04-11T21:23:07.218Z"}
{"action":"BUY","amount":0.12,"asset":"34783517035777555460778200207962937597505800735653352395502754911123357920503","eventSlug":"highest-temperature-in-wellington-on-april-13-2026","follower":"0x132dd8...2a79","level":"info","message":"New trade detected","price":0.004,"side":"BUY","slug":"highest-temperature-in-wellington-on-april-13-2026-15c","timestamp":"2026-04-11T21:23:07.916Z","traderAddress":"0xfbb7...6f27","transactionHash":"0x43d9d311b66b27b1111c644e0ccdf79a28109f75fe8633d0935284a5fa081b2c","type":"trade"}
{"level":"info","message":"New trade detected for 0xfbb7...6f27","timestamp":"2026-04-11T21:23:07.918Z"}
{"level":"info","message":"Balance information displayed","myBalance":979.216639,"timestamp":"2026-04-11T21:23:08.375Z","traderAddress":"0xfbb7...6f27","traderBalance":0,"type":"balance"}
{"level":"info","message":"Executing BUY strategy...","timestamp":"2026-04-11T21:23:08.376Z"}
{"level":"info","message":"Your balance: $979.22","timestamp":"2026-04-11T21:23:08.376Z"}
{"level":"info","message":"Trader bought: $0.12","timestamp":"2026-04-11T21:23:08.376Z"}
{"level":"info","message":"📊 100% of trader's $0.12 = $0.12","timestamp":"2026-04-11T21:23:08.376Z"}
{"level":"info","message":"Best ask: 190 @ $0.01","timestamp":"2026-04-11T21:23:08.455Z"}
{"level":"info","message":"Remaining amount ($0.12) below minimum - completing trade","timestamp":"2026-04-11T21:23:08.456Z"}
{"level":"info","message":"New trade detected for 0xfbb7...6f27","timestamp":"2026-04-11T21:23:08.581Z"}
{"level":"info","message":"New trade detected for 0xfbb7...6f27","timestamp":"2026-04-11T21:23:09.246Z"}
{"level":"info","message":"Header displayed","timestamp":"2026-04-11T21:23:10.602Z","title":"⚡ 16 NEW TRADES TO COPY","type":"header"}
{"action":"BUY","amount":0.02,"asset":"34783517035777555460778200207962937597505800735653352395502754911123357920503","eventSlug":"highest-temperature-in-wellington-on-april-13-2026","follower":"0x132dd8...2a79","level":"info","message":"New trade detected","price":0.004,"side":"BUY","slug":"highest-temperature-in-wellington-on-april-13-2026-15c","timestamp":"2026-04-11T21:23:10.959Z","traderAddress":"0xfbb7...6f27","transactionHash":"0x1f6a0854b002c7eb5d88df721bc3812679c6fa60f81661703a2aeab4b1e6e815","type":"trade"}
{"level":"info","message":"Balance information displayed","myBalance":979.216639,"timestamp":"2026-04-11T21:23:11.527Z","traderAddress":"0xfbb7...6f27","traderBalance":0,"type":"balance"}
{"level":"info","message":"Executing BUY strategy...","timestamp":"2026-04-11T21:23:11.528Z"}
{"level":"info","message":"Your balance: $979.22","timestamp":"2026-04-11T21:23:11.528Z"}
{"level":"info","message":"Trader bought: $0.02","timestamp":"2026-04-11T21:23:11.528Z"}
{"level":"info","message":"📊 100% of trader's $0.02 = $0.02","timestamp":"2026-04-11T21:23:11.528Z"}
{"level":"info","message":"Best ask: 190 @ $0.01","timestamp":"2026-04-11T21:23:11.603Z"}
{"level":"info","message":"Remaining amount ($0.02) below minimum - completing trade","timestamp":"2026-04-11T21:23:11.604Z"}
{"action":"BUY","amount":0.15,"asset":"102846792684067864371573295837273898942748320847594009268704779325216267588579","eventSlug":"highest-temperature-in-wellington-on-april-13-2026","follower":"0x132dd8...2a79","level":"info","message":"New trade detected","price":0.03,"side":"BUY","slug":"highest-temperature-in-wellington-on-april-13-2026-17c","timestamp":"2026-04-11T21:23:13.334Z","traderAddress":"0xfbb7...6f27","transactionHash":"0xb97f934e640550bea75230c21432d157a3d4994b6e0e5b0804553ea7d32252ae","type":"trade"}
{"level":"info","message":"Balance information displayed","myBalance":979.216639,"timestamp":"2026-04-11T21:23:13.880Z","traderAddress":"0xfbb7...6f27","traderBalance":0,"type":"balance"}
{"level":"info","message":"Executing BUY strategy...","timestamp":"2026-04-11T21:23:13.880Z"}
{"level":"info","message":"Your balance: $979.22","timestamp":"2026-04-11T21:23:13.880Z"}
{"level":"info","message":"Trader bought: $0.15","timestamp":"2026-04-11T21:23:13.881Z"}
{"level":"info","message":"📊 100% of trader's $0.15 = $0.15","timestamp":"2026-04-11T21:23:13.882Z"}
{"level":"info","message":"Best ask: 5.24 @ $0.045","timestamp":"2026-04-11T21:23:13.960Z"}
{"level":"info","message":"Remaining amount ($0.15) below minimum - completing trade","timestamp":"2026-04-11T21:23:13.960Z"}
{"action":"BUY","amount":0.12,"asset":"34783517035777555460778200207962937597505800735653352395502754911123357920503","eventSlug":"highest-temperature-in-wellington-on-april-13-2026","follower":"0x132dd8...2a79","level":"info","message":"New trade detected","price":0.004,"side":"BUY","slug":"highest-temperature-in-wellington-on-april-13-2026-15c","timestamp":"2026-04-11T21:23:15.699Z","traderAddress":"0xfbb7...6f27","transactionHash":"0x6c88e32d3df54b9714941888e201c10c5f10b02ca92b18b138ca2b6e159b5663","type":"trade"}
{"level":"info","message":"Balance information displayed","myBalance":979.216639,"timestamp":"2026-04-11T21:23:16.020Z","traderAddress":"0xfbb7...6f27","traderBalance":0,"type":"balance"}
{"level":"info","message":"Executing BUY strategy...","timestamp":"2026-04-11T21:23:16.020Z"}
{"level":"info","message":"Your balance: $979.22","timestamp":"2026-04-11T21:23:16.020Z"}
{"level":"info","message":"Trader bought: $0.12","timestamp":"2026-04-11T21:23:16.020Z"}
{"level":"info","message":"📊 100% of trader's $0.12 = $0.12","timestamp":"2026-04-11T21:23:16.021Z"}
{"level":"info","message":"Best ask: 190 @ $0.01","timestamp":"2026-04-11T21:23:16.101Z"}
{"level":"info","message":"Remaining amount ($0.12) below minimum - completing trade","timestamp":"2026-04-11T21:23:16.102Z"}
{"action":"BUY","amount":0.8985,"asset":"102846792684067864371573295837273898942748320847594009268704779325216267588579","eventSlug":"highest-temperature-in-wellington-on-april-13-2026","follower":"0x132dd8...2a79","level":"info","message":"New trade detected","price":0.03,"side":"BUY","slug":"highest-temperature-in-wellington-on-april-13-2026-17c","timestamp":"2026-04-11T21:23:17.752Z","traderAddress":"0xfbb7...6f27","transactionHash":"0xa8426474586770e5f3e71127e4a094d95f017eb82172af6b0a0732d69b2d4284","type":"trade"}
{"level":"info","message":"Balance information displayed","myBalance":979.216639,"timestamp":"2026-04-11T21:23:18.309Z","traderAddress":"0xfbb7...6f27","traderBalance":0,"type":"balance"}
{"level":"info","message":"Executing BUY strategy...","timestamp":"2026-04-11T21:23:18.310Z"}
{"level":"info","message":"Your balance: $979.22","timestamp":"2026-04-11T21:23:18.310Z"}
{"level":"info","message":"Trader bought: $0.90","timestamp":"2026-04-11T21:23:18.310Z"}
{"level":"info","message":"📊 100% of trader's $0.90 = $0.90","timestamp":"2026-04-11T21:23:18.310Z"}
{"level":"info","message":"Best ask: 5.24 @ $0.045","timestamp":"2026-04-11T21:23:18.388Z"}
{"level":"info","message":"Remaining amount ($0.90) below minimum - completing trade","timestamp":"2026-04-11T21:23:18.388Z"}
{"action":"BUY","amount":0.15,"asset":"102846792684067864371573295837273898942748320847594009268704779325216267588579","eventSlug":"highest-temperature-in-wellington-on-april-13-2026","follower":"0x132dd8...2a79","level":"info","message":"New trade detected","price":0.03,"side":"BUY","slug":"highest-temperature-in-wellington-on-april-13-2026-17c","timestamp":"2026-04-11T21:23:20.099Z","traderAddress":"0xfbb7...6f27","transactionHash":"0xaaeed547e1a5a33fbee26c4fddfe19ea102794e34fa8c6e6853956e931cd197a","type":"trade"}
{"level":"info","message":"Balance information displayed","myBalance":979.216639,"timestamp":"2026-04-11T21:23:20.568Z","traderAddress":"0xfbb7...6f27","traderBalance":0,"type":"balance"}
{"level":"info","message":"Executing BUY strategy...","timestamp":"2026-04-11T21:23:20.568Z"}
{"level":"info","message":"Your balance: $979.22","timestamp":"2026-04-11T21:23:20.569Z"}
{"level":"info","message":"Trader bought: $0.15","timestamp":"2026-04-11T21:23:20.569Z"}
{"level":"info","message":"📊 100% of trader's $0.15 = $0.15","timestamp":"2026-04-11T21:23:20.569Z"}
{"level":"info","message":"Best ask: 5.24 @ $0.045","timestamp":"2026-04-11T21:23:20.646Z"}
{"level":"info","message":"Remaining amount ($0.15) below minimum - completing trade","timestamp":"2026-04-11T21:23:20.647Z"}
{"action":"BUY","amount":0.02,"asset":"34783517035777555460778200207962937597505800735653352395502754911123357920503","eventSlug":"highest-temperature-in-wellington-on-april-13-2026","follower":"0x132dd8...2a79","level":"info","message":"New trade detected","price":0.004,"side":"BUY","slug":"highest-temperature-in-wellington-on-april-13-2026-15c","timestamp":"2026-04-11T21:23:22.354Z","traderAddress":"0xfbb7...6f27","transactionHash":"0x9efdb5f2d63f1b66d13f54c3b69628c1356bbc7675273080f1594369ea461fa1","type":"trade"}
{"level":"info","message":"Balance information displayed","myBalance":979.216639,"timestamp":"2026-04-11T21:23:22.689Z","traderAddress":"0xfbb7...6f27","traderBalance":0,"type":"balance"}
{"level":"info","message":"Executing BUY strategy...","timestamp":"2026-04-11T21:23:22.690Z"}
{"level":"info","message":"Your balance: $979.22","timestamp":"2026-04-11T21:23:22.690Z"}
{"level":"info","message":"Trader bought: $0.02","timestamp":"2026-04-11T21:23:22.690Z"}
{"level":"info","message":"📊 100% of trader's $0.02 = $0.02","timestamp":"2026-04-11T21:23:22.690Z"}
{"level":"info","message":"Best ask: 190 @ $0.01","timestamp":"2026-04-11T21:23:22.770Z"}
{"level":"info","message":"Remaining amount ($0.02) below minimum - completing trade","timestamp":"2026-04-11T21:23:22.771Z"}
{"action":"BUY","amount":0.02,"asset":"34783517035777555460778200207962937597505800735653352395502754911123357920503","eventSlug":"highest-temperature-in-wellington-on-april-13-2026","follower":"0x132dd8...2a79","level":"info","message":"New trade detected","price":0.004,"side":"BUY","slug":"highest-temperature-in-wellington-on-april-13-2026-15c","timestamp":"2026-04-11T21:23:24.501Z","traderAddress":"0xfbb7...6f27","transactionHash":"0x755a0b31876f7bbefa45b86eeb5d4f3bb55438710490c3227ff8b921d048753f","type":"trade"}
{"level":"info","message":"Balance information displayed","myBalance":979.216639,"timestamp":"2026-04-11T21:23:25.192Z","traderAddress":"0xfbb7...6f27","traderBalance":0,"type":"balance"}
{"level":"info","message":"Executing BUY strategy...","timestamp":"2026-04-11T21:23:25.192Z"}
{"level":"info","message":"Your balance: $979.22","timestamp":"2026-04-11T21:23:25.193Z"}
{"level":"info","message":"Trader bought: $0.02","timestamp":"2026-04-11T21:23:25.193Z"}
{"level":"info","message":"📊 100% of trader's $0.02 = $0.02","timestamp":"2026-04-11T21:23:25.193Z"}
{"level":"info","message":"Best ask: 190 @ $0.01","timestamp":"2026-04-11T21:23:25.270Z"}
{"level":"info","message":"Remaining amount ($0.02) below minimum - completing trade","timestamp":"2026-04-11T21:23:25.270Z"}
{"action":"BUY","amount":0.15,"asset":"102846792684067864371573295837273898942748320847594009268704779325216267588579","eventSlug":"highest-temperature-in-wellington-on-april-13-2026","follower":"0x132dd8...2a79","level":"info","message":"New trade detected","price":0.03,"side":"BUY","slug":"highest-temperature-in-wellington-on-april-13-2026-17c","timestamp":"2026-04-11T21:23:26.934Z","traderAddress":"0xfbb7...6f27","transactionHash":"0x838f5e37a22db55b2bf2db840837781422f56ebf50ea1fbea4faa51f471b6a96","type":"trade"}
{"level":"info","message":"Balance information displayed","myBalance":979.216639,"timestamp":"2026-04-11T21:23:27.461Z","traderAddress":"0xfbb7...6f27","traderBalance":0,"type":"balance"}
{"level":"info","message":"Executing BUY strategy...","timestamp":"2026-04-11T21:23:27.461Z"}
{"level":"info","message":"Your balance: $979.22","timestamp":"2026-04-11T21:23:27.461Z"}
{"level":"info","message":"Trader bought: $0.15","timestamp":"2026-04-11T21:23:27.461Z"}
{"level":"info","message":"📊 100% of trader's $0.15 = $0.15","timestamp":"2026-04-11T21:23:27.462Z"}
{"level":"info","message":"Best ask: 5.24 @ $0.045","timestamp":"2026-04-11T21:23:27.538Z"}
{"level":"info","message":"Remaining amount ($0.15) below minimum - completing trade","timestamp":"2026-04-11T21:23:27.539Z"}
{"action":"BUY","amount":0.15,"asset":"102846792684067864371573295837273898942748320847594009268704779325216267588579","eventSlug":"highest-temperature-in-wellington-on-april-13-2026","follower":"0x132dd8...2a79","level":"info","message":"New trade detected","price":0.03,"side":"BUY","slug":"highest-temperature-in-wellington-on-april-13-2026-17c","timestamp":"2026-04-11T21:23:29.206Z","traderAddress":"0xfbb7...6f27","transactionHash":"0x6f60ebd34d632fc499ce48c72ad73c745135fb589d5466c7510455daa88cff88","type":"trade"}
{"level":"info","message":"Balance information displayed","myBalance":979.216639,"timestamp":"2026-04-11T21:23:29.539Z","traderAddress":"0xfbb7...6f27","traderBalance":0,"type":"balance"}
{"level":"info","message":"Executing BUY strategy...","timestamp":"2026-04-11T21:23:29.539Z"}
{"level":"info","message":"Your balance: $979.22","timestamp":"2026-04-11T21:23:29.540Z"}
{"level":"info","message":"Trader bought: $0.15","timestamp":"2026-04-11T21:23:29.540Z"}
{"level":"info","message":"📊 100% of trader's $0.15 = $0.15","timestamp":"2026-04-11T21:23:29.540Z"}
{"level":"info","message":"Best ask: 5.24 @ $0.045","timestamp":"2026-04-11T21:23:29.617Z"}
{"level":"info","message":"Remaining amount ($0.15) below minimum - completing trade","timestamp":"2026-04-11T21:23:29.617Z"}
{"action":"BUY","amount":0.02,"asset":"34783517035777555460778200207962937597505800735653352395502754911123357920503","eventSlug":"highest-temperature-in-wellington-on-april-13-2026","follower":"0x132dd8...2a79","level":"info","message":"New trade detected","price":0.004,"side":"BUY","slug":"highest-temperature-in-wellington-on-april-13-2026-15c","timestamp":"2026-04-11T21:23:31.288Z","traderAddress":"0xfbb7...6f27","transactionHash":"0x2193cba526351395c0c3b8082c4ce4b94bd05df188a258282bc044365f9b6b35","type":"trade"}
{"level":"info","message":"Balance information displayed","myBalance":979.216639,"timestamp":"2026-04-11T21:23:31.625Z","traderAddress":"0xfbb7...6f27","traderBalance":0,"type":"balance"}
{"level":"info","message":"Executing BUY strategy...","timestamp":"2026-04-11T21:23:31.632Z"}
{"level":"info","message":"Your balance: $979.22","timestamp":"2026-04-11T21:23:31.632Z"}
{"level":"info","message":"Trader bought: $0.02","timestamp":"2026-04-11T21:23:31.632Z"}
{"level":"info","message":"📊 100% of trader's $0.02 = $0.02","timestamp":"2026-04-11T21:23:31.632Z"}
{"level":"info","message":"Best ask: 190 @ $0.01","timestamp":"2026-04-11T21:23:31.709Z"}
{"level":"info","message":"Remaining amount ($0.02) below minimum - completing trade","timestamp":"2026-04-11T21:23:31.709Z"}
{"action":"BUY","amount":0.02,"asset":"34783517035777555460778200207962937597505800735653352395502754911123357920503","eventSlug":"highest-temperature-in-wellington-on-april-13-2026","follower":"0x132dd8...2a79","level":"info","message":"New trade detected","price":0.004,"side":"BUY","slug":"highest-temperature-in-wellington-on-april-13-2026-15c","timestamp":"2026-04-11T21:23:33.433Z","traderAddress":"0xfbb7...6f27","transactionHash":"0xdd8732328fb716fb636f80430216d2a61a7b170656b96e659a011b2758763b09","type":"trade"}
{"level":"info","message":"Balance information displayed","myBalance":979.216639,"timestamp":"2026-04-11T21:23:33.919Z","traderAddress":"0xfbb7...6f27","traderBalance":0,"type":"balance"}
{"level":"info","message":"Executing BUY strategy...","timestamp":"2026-04-11T21:23:33.920Z"}
{"level":"info","message":"Your balance: $979.22","timestamp":"2026-04-11T21:23:33.920Z"}
{"level":"info","message":"Trader bought: $0.02","timestamp":"2026-04-11T21:23:33.920Z"}
{"level":"info","message":"📊 100% of trader's $0.02 = $0.02","timestamp":"2026-04-11T21:23:33.920Z"}
{"level":"info","message":"Best ask: 190 @ $0.01","timestamp":"2026-04-11T21:23:34.000Z"}
{"level":"info","message":"Remaining amount ($0.02) below minimum - completing trade","timestamp":"2026-04-11T21:23:34.000Z"}
{"action":"BUY","amount":0.02,"asset":"34783517035777555460778200207962937597505800735653352395502754911123357920503","eventSlug":"highest-temperature-in-wellington-on-april-13-2026","follower":"0x132dd8...2a79","level":"info","message":"New trade detected","price":0.004,"side":"BUY","slug":"highest-temperature-in-wellington-on-april-13-2026-15c","timestamp":"2026-04-11T21:23:35.747Z","traderAddress":"0xfbb7...6f27","transactionHash":"0xe74f5778002867dce802d5793a95b06dcf1c06be19d5922765f40b9172b55265","type":"trade"}
{"level":"info","message":"Balance information displayed","myBalance":979.216639,"timestamp":"2026-04-11T21:23:36.318Z","traderAddress":"0xfbb7...6f27","traderBalance":0,"type":"balance"}
{"level":"info","message":"Executing BUY strategy...","timestamp":"2026-04-11T21:23:36.319Z"}
{"level":"info","message":"Your balance: $979.22","timestamp":"2026-04-11T21:23:36.319Z"}
{"level":"info","message":"Trader bought: $0.02","timestamp":"2026-04-11T21:23:36.319Z"}
{"level":"info","message":"📊 100% of trader's $0.02 = $0.02","timestamp":"2026-04-11T21:23:36.319Z"}
{"level":"info","message":"Best ask: 190 @ $0.01","timestamp":"2026-04-11T21:23:36.398Z"}
{"level":"info","message":"Remaining amount ($0.02) below minimum - completing trade","timestamp":"2026-04-11T21:23:36.399Z"}
{"action":"BUY","amount":0.02,"asset":"34783517035777555460778200207962937597505800735653352395502754911123357920503","eventSlug":"highest-temperature-in-wellington-on-april-13-2026","follower":"0x132dd8...2a79","level":"info","message":"New trade detected","price":0.004,"side":"BUY","slug":"highest-temperature-in-wellington-on-april-13-2026-15c","timestamp":"2026-04-11T21:23:38.115Z","traderAddress":"0xfbb7...6f27","transactionHash":"0x12310f6a651cb6fd2efc6e404851ec2f49d453b602721e25c1faeb930127934f","type":"trade"}
{"level":"info","message":"Balance information displayed","myBalance":979.216639,"timestamp":"2026-04-11T21:23:38.439Z","traderAddress":"0xfbb7...6f27","traderBalance":0,"type":"balance"}
{"level":"info","message":"Executing BUY strategy...","timestamp":"2026-04-11T21:23:38.440Z"}
{"level":"info","message":"Your balance: $979.22","timestamp":"2026-04-11T21:23:38.440Z"}
{"level":"info","message":"Trader bought: $0.02","timestamp":"2026-04-11T21:23:38.440Z"}
{"level":"info","message":"📊 100% of trader's $0.02 = $0.02","timestamp":"2026-04-11T21:23:38.440Z"}
{"level":"info","message":"Best ask: 190 @ $0.01","timestamp":"2026-04-11T21:23:38.519Z"}
{"level":"info","message":"Remaining amount ($0.02) below minimum - completing trade","timestamp":"2026-04-11T21:23:38.519Z"}
{"action":"BUY","amount":0.15,"asset":"102846792684067864371573295837273898942748320847594009268704779325216267588579","eventSlug":"highest-temperature-in-wellington-on-april-13-2026","follower":"0x132dd8...2a79","level":"info","message":"New trade detected","price":0.03,"side":"BUY","slug":"highest-temperature-in-wellington-on-april-13-2026-17c","timestamp":"2026-04-11T21:23:40.182Z","traderAddress":"0xfbb7...6f27","transactionHash":"0x7028e65cec258fd438624ab9a9b596468db4aee7bf7ab28935dea9270e342f39","type":"trade"}
{"level":"info","message":"Balance information displayed","myBalance":979.216639,"timestamp":"2026-04-11T21:23:40.668Z","traderAddress":"0xfbb7...6f27","traderBalance":0,"type":"balance"}
{"level":"info","message":"Executing BUY strategy...","timestamp":"2026-04-11T21:23:40.668Z"}
{"level":"info","message":"Your balance: $979.22","timestamp":"2026-04-11T21:23:40.669Z"}
{"level":"info","message":"Trader bought: $0.15","timestamp":"2026-04-11T21:23:40.669Z"}
{"level":"info","message":"📊 100% of trader's $0.15 = $0.15","timestamp":"2026-04-11T21:23:40.669Z"}
{"level":"info","message":"Best ask: 5.24 @ $0.045","timestamp":"2026-04-11T21:23:40.750Z"}
{"level":"info","message":"Remaining amount ($0.15) below minimum - completing trade","timestamp":"2026-04-11T21:23:40.751Z"}
{"action":"BUY","amount":0.15,"asset":"102846792684067864371573295837273898942748320847594009268704779325216267588579","eventSlug":"highest-temperature-in-wellington-on-april-13-2026","follower":"0x132dd8...2a79","level":"info","message":"New trade detected","price":0.03,"side":"BUY","slug":"highest-temperature-in-wellington-on-april-13-2026-17c","timestamp":"2026-04-11T21:23:42.529Z","traderAddress":"0xfbb7...6f27","transactionHash":"0xf8912efa3050e4173be4d303786efdfe15039ef6050cf8423258fa4743b26169","type":"trade"}
{"level":"info","message":"Balance information displayed","myBalance":979.216639,"timestamp":"2026-04-11T21:23:42.939Z","traderAddress":"0xfbb7...6f27","traderBalance":0,"type":"balance"}
{"level":"info","message":"Executing BUY strategy...","timestamp":"2026-04-11T21:23:42.939Z"}
{"level":"info","message":"Your balance: $979.22","timestamp":"2026-04-11T21:23:42.939Z"}
{"level":"info","message":"Trader bought: $0.15","timestamp":"2026-04-11T21:23:42.939Z"}
{"level":"info","message":"📊 100% of trader's $0.15 = $0.15","timestamp":"2026-04-11T21:23:42.940Z"}
{"level":"info","message":"Best ask: 5.24 @ $0.045","timestamp":"2026-04-11T21:23:43.022Z"}
{"level":"info","message":"Remaining amount ($0.15) below minimum - completing trade","timestamp":"2026-04-11T21:23:43.023Z"}
{"action":"BUY","amount":0.15,"asset":"102846792684067864371573295837273898942748320847594009268704779325216267588579","eventSlug":"highest-temperature-in-wellington-on-april-13-2026","follower":"0x132dd8...2a79","level":"info","message":"New trade detected","price":0.03,"side":"BUY","slug":"highest-temperature-in-wellington-on-april-13-2026-17c","timestamp":"2026-04-11T21:23:44.684Z","traderAddress":"0xfbb7...6f27","transactionHash":"0x430f10f147a02ed9564d4f0db214c232b23d4f770d87034d724020a6e901a7f5","type":"trade"}
{"level":"info","message":"Balance information displayed","myBalance":979.216639,"timestamp":"2026-04-11T21:23:45.033Z","traderAddress":"0xfbb7...6f27","traderBalance":0,"type":"balance"}
{"level":"info","message":"Executing BUY strategy...","timestamp":"2026-04-11T21:23:45.033Z"}
{"level":"info","message":"Your balance: $979.22","timestamp":"2026-04-11T21:23:45.034Z"}
{"level":"info","message":"Trader bought: $0.15","timestamp":"2026-04-11T21:23:45.034Z"}
{"level":"info","message":"📊 100% of trader's $0.15 = $0.15","timestamp":"2026-04-11T21:23:45.034Z"}
{"level":"info","message":"Best ask: 5.24 @ $0.045","timestamp":"2026-04-11T21:23:45.114Z"}
{"level":"info","message":"Remaining amount ($0.15) below minimum - completing trade","timestamp":"2026-04-11T21:23:45.114Z"}
{"level":"info","message":"New trade detected for 0xfbb7...6f27","timestamp":"2026-04-11T21:24:10.901Z"}
{"level":"info","message":"Header displayed","timestamp":"2026-04-11T21:24:10.984Z","title":"⚡ 1 NEW TRADE TO COPY","type":"header"}
{"action":"BUY","amount":0.02002,"asset":"86332959092609831612862118076247325464598281968062829549560113578434011042099","eventSlug":"highest-temperature-in-los-angeles-on-april-12-2026","follower":"0x132dd8...2a79","level":"info","message":"New trade detected","price":0.001,"side":"BUY","slug":"highest-temperature-in-los-angeles-on-april-12-2026-56-57f","timestamp":"2026-04-11T21:24:11.316Z","traderAddress":"0xfbb7...6f27","transactionHash":"0xfd2b949aeb58eb64cd7afc88e0450a141cc4c88fcb21d2bbd77b42a33391b5c6","type":"trade"}
{"level":"info","message":"Sending Telegram notification to chat 460178448...","timestamp":"2026-04-11T21:24:11.457Z"}
{"level":"info","message":"New trade detected for 0xfbb7...6f27","timestamp":"2026-04-11T21:24:11.567Z"}
{"level":"info","message":"Telegram notification sent successfully: 200","timestamp":"2026-04-11T21:24:11.762Z"}
{"level":"info","message":"New trade detected for 0xfbb7...6f27","timestamp":"2026-04-11T21:24:12.231Z"}
{"level":"info","message":"New trade detected for 0xfbb7...6f27","timestamp":"2026-04-11T21:24:12.910Z"}
{"level":"info","message":"Header displayed","timestamp":"2026-04-11T21:24:13.221Z","title":"⚡ 3 NEW TRADES TO COPY","type":"header"}
{"action":"BUY","amount":11.165315,"asset":"41791497699577165006410519854236304884940598880837989815174048394327882347615","eventSlug":"highest-temperature-in-munich-on-april-12-2026","follower":"0x132dd8...2a79","level":"info","message":"New trade detected","price":0.05,"side":"BUY","slug":"highest-temperature-in-munich-on-april-12-2026-15corhigher","timestamp":"2026-04-11T21:24:13.551Z","traderAddress":"0xfbb7...6f27","transactionHash":"0x605849e98b79db9346d330c2ea36cc095c86c896332aadbdeccd525711345d7e","type":"trade"}
{"level":"info","message":"Balance information displayed","myBalance":979.216639,"timestamp":"2026-04-11T21:24:14.392Z","traderAddress":"0xfbb7...6f27","traderBalance":0,"type":"balance"}
{"level":"info","message":"Executing BUY strategy...","timestamp":"2026-04-11T21:24:14.392Z"}
{"level":"info","message":"Your balance: $979.22","timestamp":"2026-04-11T21:24:14.392Z"}
{"level":"info","message":"Trader bought: $11.17","timestamp":"2026-04-11T21:24:14.392Z"}
{"level":"info","message":"📊 100% of trader's $11.17 = $11.17","timestamp":"2026-04-11T21:24:14.392Z"}
{"level":"info","message":"Best ask: 50 @ $0.1","timestamp":"2026-04-11T21:24:14.466Z"}
{"level":"info","message":"Creating GTC Limit Order: 223.31 tokens @ $0.0500 (Total: $11.17)","timestamp":"2026-04-11T21:24:14.467Z"}
{"level":"info","message":"Best ask: 50 @ $0.1","timestamp":"2026-04-11T21:24:14.887Z"}
{"level":"info","message":"Creating GTC Limit Order: 223.31 tokens @ $0.0500 (Total: $11.17)","timestamp":"2026-04-11T21:24:14.888Z"}
{"action":"BUY","amount":0.0572,"asset":"72867112668543281384899070221126290021884442436109323581409249583069316688442","eventSlug":"highest-temperature-in-mexico-city-on-april-12-2026","follower":"0x132dd8...2a79","level":"info","message":"New trade detected","price":0.011,"side":"BUY","slug":"highest-temperature-in-mexico-city-on-april-12-2026-22c","timestamp":"2026-04-11T21:24:16.664Z","traderAddress":"0xfbb7...6f27","transactionHash":"0xcaed78a5b5cbcbf038fbc8d2d1c3efaa4039e3d4351377c6af4771023b6aa77a","type":"trade"}
{"level":"info","message":"Balance information displayed","myBalance":979.216639,"timestamp":"2026-04-11T21:24:17.134Z","traderAddress":"0xfbb7...6f27","traderBalance":0,"type":"balance"}
{"level":"info","message":"Executing BUY strategy...","timestamp":"2026-04-11T21:24:17.135Z"}
{"level":"info","message":"Your balance: $979.22","timestamp":"2026-04-11T21:24:17.135Z"}
{"level":"info","message":"Trader bought: $0.06","timestamp":"2026-04-11T21:24:17.135Z"}
{"level":"info","message":"📊 100% of trader's $0.06 = $0.06","timestamp":"2026-04-11T21:24:17.135Z"}
{"level":"info","message":"Best ask: 22 @ $0.026","timestamp":"2026-04-11T21:24:17.213Z"}
{"level":"info","message":"Remaining amount ($0.06) below minimum - completing trade","timestamp":"2026-04-11T21:24:17.213Z"}
{"action":"BUY","amount":0.021,"asset":"13362210088749297709654627968103727360351728747293186822183611901935281363810","eventSlug":"highest-temperature-in-mexico-city-on-april-13-2026","follower":"0x132dd8...2a79","level":"info","message":"New trade detected","price":0.003,"side":"BUY","slug":"highest-temperature-in-mexico-city-on-april-13-2026-22c","timestamp":"2026-04-11T21:24:18.951Z","traderAddress":"0xfbb7...6f27","transactionHash":"0x6a1231aefc4fb5bf27033265431a9ecfa678ae85e3313b88efc1a4f242734cf3","type":"trade"}
{"level":"info","message":"Balance information displayed","myBalance":979.216639,"timestamp":"2026-04-11T21:24:19.567Z","traderAddress":"0xfbb7...6f27","traderBalance":0,"type":"balance"}
{"level":"info","message":"Executing BUY strategy...","timestamp":"2026-04-11T21:24:19.568Z"}
{"level":"info","message":"Your balance: $979.22","timestamp":"2026-04-11T21:24:19.568Z"}
{"level":"info","message":"Trader bought: $0.02","timestamp":"2026-04-11T21:24:19.568Z"}
{"level":"info","message":"📊 100% of trader's $0.02 = $0.02","timestamp":"2026-04-11T21:24:19.568Z"}
{"level":"info","message":"Best ask: 149.06 @ $0.012","timestamp":"2026-04-11T21:24:19.643Z"}
{"level":"info","message":"Remaining amount ($0.02) below minimum - completing trade","timestamp":"2026-04-11T21:24:19.643Z"}
{"level":"info","message":"New trade detected for 0xfbb7...6f27","timestamp":"2026-04-11T21:25:23.356Z"}
{"level":"info","message":"Header displayed","timestamp":"2026-04-11T21:25:23.384Z","title":"⚡ 1 NEW TRADE TO COPY","type":"header"}
{"action":"BUY","amount":3,"asset":"104529018812567970041744330232243400760910544201478605155724515352159009666944","eventSlug":"highest-temperature-in-madrid-on-april-12-2026","follower":"0x132dd8...2a79","level":"info","message":"New trade detected","price":0.03,"side":"BUY","slug":"highest-temperature-in-madrid-on-april-12-2026-14c","timestamp":"2026-04-11T21:25:23.756Z","traderAddress":"0xfbb7...6f27","transactionHash":"0xc690bc35dbc154c65a1ee98c1130604354fa1c2e808dca2843e930434f389537","type":"trade"}
{"level":"info","message":"New trade detected for 0xfbb7...6f27","timestamp":"2026-04-11T21:25:24.025Z"}
{"level":"info","message":"Balance information displayed","myBalance":979.216639,"timestamp":"2026-04-11T21:25:24.864Z","traderAddress":"0xfbb7...6f27","traderBalance":0,"type":"balance"}
{"level":"info","message":"Executing BUY strategy...","timestamp":"2026-04-11T21:25:24.864Z"}
{"level":"info","message":"Your balance: $979.22","timestamp":"2026-04-11T21:25:24.864Z"}
{"level":"info","message":"Trader bought: $3.00","timestamp":"2026-04-11T21:25:24.865Z"}
{"level":"info","message":"📊 100% of trader's $3.00 = $3.00","timestamp":"2026-04-11T21:25:24.865Z"}
{"level":"info","message":"Best ask: 14.5 @ $0.06","timestamp":"2026-04-11T21:25:24.941Z"}
{"level":"info","message":"Creating GTC Limit Order: 100.00 tokens @ $0.0300 (Total: $3.00)","timestamp":"2026-04-11T21:25:24.943Z"}
{"level":"info","message":"Best ask: 14.5 @ $0.06","timestamp":"2026-04-11T21:25:25.369Z"}
{"level":"info","message":"Creating GTC Limit Order: 100.00 tokens @ $0.0300 (Total: $3.00)","timestamp":"2026-04-11T21:25:25.369Z"}
{"level":"info","message":"Header displayed","timestamp":"2026-04-11T21:25:27.277Z","title":"⚡ 1 NEW TRADE TO COPY","type":"header"}
{"action":"BUY","amount":0.01004,"asset":"86332959092609831612862118076247325464598281968062829549560113578434011042099","eventSlug":"highest-temperature-in-los-angeles-on-april-12-2026","follower":"0x132dd8...2a79","level":"info","message":"New trade detected","price":0.001,"side":"BUY","slug":"highest-temperature-in-los-angeles-on-april-12-2026-56-57f","timestamp":"2026-04-11T21:25:27.624Z","traderAddress":"0xfbb7...6f27","transactionHash":"0xdac296f4017be18a199644f13945a0abec4cf8a895b5ac16406752b905c7d980","type":"trade"}
{"level":"info","message":"Sending Telegram notification to chat 460178448...","timestamp":"2026-04-11T21:25:27.846Z"}
{"level":"info","message":"Telegram notification sent successfully: 200","timestamp":"2026-04-11T21:25:28.144Z"}
{"level":"info","message":"New trade detected for 0xfbb7...6f27","timestamp":"2026-04-11T21:26:35.137Z"}
{"level":"info","message":"Header displayed","timestamp":"2026-04-11T21:26:35.161Z","title":"⚡ 1 NEW TRADE TO COPY","type":"header"}
{"action":"BUY","amount":3,"asset":"112990982863948878082149032986085097410687237520026410870736375736706576890876","eventSlug":"highest-temperature-in-nyc-on-april-12-2026","follower":"0x132dd8...2a79","level":"info","message":"New trade detected","price":0.03,"side":"BUY","slug":"highest-temperature-in-nyc-on-april-12-2026-58-59f","timestamp":"2026-04-11T21:26:35.500Z","traderAddress":"0xfbb7...6f27","transactionHash":"0x9eda787a0a5f20e6320cece81dcb5f24d0caf64ca8b7efcddc4ad3d0a038d95e","type":"trade"}
{"level":"info","message":"Balance information displayed","myBalance":979.216639,"timestamp":"2026-04-11T21:26:36.310Z","traderAddress":"0xfbb7...6f27","traderBalance":0,"type":"balance"}
{"level":"info","message":"Executing BUY strategy...","timestamp":"2026-04-11T21:26:36.311Z"}
{"level":"info","message":"Your balance: $979.22","timestamp":"2026-04-11T21:26:36.311Z"}
{"level":"info","message":"Trader bought: $3.00","timestamp":"2026-04-11T21:26:36.311Z"}
{"level":"info","message":"📊 100% of trader's $3.00 = $3.00","timestamp":"2026-04-11T21:26:36.311Z"}
{"level":"info","message":"Best ask: 5 @ $0.07","timestamp":"2026-04-11T21:26:36.402Z"}
{"level":"info","message":"Creating GTC Limit Order: 100.00 tokens @ $0.0300 (Total: $3.00)","timestamp":"2026-04-11T21:26:36.402Z"}
{"level":"info","message":"Best ask: 5 @ $0.07","timestamp":"2026-04-11T21:26:36.852Z"}
{"level":"info","message":"Creating GTC Limit Order: 100.00 tokens @ $0.0300 (Total: $3.00)","timestamp":"2026-04-11T21:26:36.852Z"}
{"level":"info","message":"New trade detected for 0xfbb7...6f27","timestamp":"2026-04-11T21:27:46.710Z"}
{"level":"info","message":"Header displayed","timestamp":"2026-04-11T21:27:46.733Z","title":"⚡ 1 NEW TRADE TO COPY","type":"header"}
{"action":"BUY","amount":0.004425,"asset":"86332959092609831612862118076247325464598281968062829549560113578434011042099","eventSlug":"highest-temperature-in-los-angeles-on-april-12-2026","follower":"0x132dd8...2a79","level":"info","message":"New trade detected","price":0.001,"side":"BUY","slug":"highest-temperature-in-los-angeles-on-april-12-2026-56-57f","timestamp":"2026-04-11T21:27:47.064Z","traderAddress":"0xfbb7...6f27","transactionHash":"0xccc27267f9e3f25fd26f1eaad59ddc54eec771cf167f6c8304d02d9a12789f5c","type":"trade"}
{"level":"info","message":"Sending Telegram notification to chat 460178448...","timestamp":"2026-04-11T21:27:47.300Z"}
{"level":"info","message":"Telegram notification sent successfully: 200","timestamp":"2026-04-11T21:27:47.624Z"}
{"level":"info","message":"New trade detected for 0xfbb7...6f27","timestamp":"2026-04-11T21:30:08.223Z"}
{"level":"info","message":"Header displayed","timestamp":"2026-04-11T21:30:08.253Z","title":"⚡ 1 NEW TRADE TO COPY","type":"header"}
{"action":"BUY","amount":0.209326,"asset":"41791497699577165006410519854236304884940598880837989815174048394327882347615","eventSlug":"highest-temperature-in-munich-on-april-12-2026","follower":"0x132dd8...2a79","level":"info","message":"New trade detected","price":0.05,"side":"BUY","slug":"highest-temperature-in-munich-on-april-12-2026-15corhigher","timestamp":"2026-04-11T21:30:08.584Z","traderAddress":"0xfbb7...6f27","transactionHash":"0x797ce610798d05573052d5b7d71227790bf42ace23fba018ca4cf017a49b0057","type":"trade"}
{"level":"info","message":"New trade detected for 0xfbb7...6f27","timestamp":"2026-04-11T21:30:08.886Z"}
{"level":"info","message":"Balance information displayed","myBalance":979.216639,"timestamp":"2026-04-11T21:30:09.745Z","traderAddress":"0xfbb7...6f27","traderBalance":0,"type":"balance"}
{"level":"info","message":"Executing BUY strategy...","timestamp":"2026-04-11T21:30:09.745Z"}
{"level":"info","message":"Your balance: $979.22","timestamp":"2026-04-11T21:30:09.745Z"}
{"level":"info","message":"Trader bought: $0.21","timestamp":"2026-04-11T21:30:09.746Z"}
{"level":"info","message":"📊 100% of trader's $0.21 = $0.21","timestamp":"2026-04-11T21:30:09.747Z"}
{"level":"info","message":"Best ask: 119.29 @ $0.08","timestamp":"2026-04-11T21:30:09.822Z"}
{"level":"info","message":"Remaining amount ($0.21) below minimum - completing trade","timestamp":"2026-04-11T21:30:09.823Z"}
{"level":"info","message":"Header displayed","timestamp":"2026-04-11T21:30:11.602Z","title":"⚡ 1 NEW TRADE TO COPY","type":"header"}
{"action":"BUY","amount":0.00357,"asset":"13362210088749297709654627968103727360351728747293186822183611901935281363810","eventSlug":"highest-temperature-in-mexico-city-on-april-13-2026","follower":"0x132dd8...2a79","level":"info","message":"New trade detected","price":0.003,"side":"BUY","slug":"highest-temperature-in-mexico-city-on-april-13-2026-22c","timestamp":"2026-04-11T21:30:11.941Z","traderAddress":"0xfbb7...6f27","transactionHash":"0x3a7b5a68ac975af0ea37ccdfed436d466dffd1a0ec3aeea82d09ec9cba865701","type":"trade"}
{"level":"info","message":"Balance information displayed","myBalance":979.216639,"timestamp":"2026-04-11T21:30:12.427Z","traderAddress":"0xfbb7...6f27","traderBalance":0,"type":"balance"}
{"level":"info","message":"Executing BUY strategy...","timestamp":"2026-04-11T21:30:12.428Z"}
{"level":"info","message":"Your balance: $979.22","timestamp":"2026-04-11T21:30:12.429Z"}
{"level":"info","message":"Trader bought: $0.00","timestamp":"2026-04-11T21:30:12.429Z"}
{"level":"info","message":"📊 100% of trader's $0.00 = $0.00 → Below minimum $0.01","timestamp":"2026-04-11T21:30:12.429Z"}
{"level":"info","message":"New trade detected for 0xfbb7...6f27","timestamp":"2026-04-11T21:31:18.260Z"}
{"level":"info","message":"Header displayed","timestamp":"2026-04-11T21:31:18.689Z","title":"⚡ 1 NEW TRADE TO COPY","type":"header"}
{"action":"BUY","amount":3.625,"asset":"41791497699577165006410519854236304884940598880837989815174048394327882347615","eventSlug":"highest-temperature-in-munich-on-april-12-2026","follower":"0x132dd8...2a79","level":"info","message":"New trade detected","price":0.05,"side":"BUY","slug":"highest-temperature-in-munich-on-april-12-2026-15corhigher","timestamp":"2026-04-11T21:31:19.026Z","traderAddress":"0xfbb7...6f27","transactionHash":"0x2ac6bef57aeb78882372474106c9e00503c15e48ab88f51c6aed9bac072286c4","type":"trade"}
{"level":"info","message":"Balance information displayed","myBalance":979.216639,"timestamp":"2026-04-11T21:31:19.868Z","traderAddress":"0xfbb7...6f27","traderBalance":0,"type":"balance"}
{"level":"info","message":"Executing BUY strategy...","timestamp":"2026-04-11T21:31:19.868Z"}
{"level":"info","message":"Your balance: $979.22","timestamp":"2026-04-11T21:31:19.869Z"}
{"level":"info","message":"Trader bought: $3.63","timestamp":"2026-04-11T21:31:19.869Z"}
{"level":"info","message":"📊 100% of trader's $3.63 = $3.63","timestamp":"2026-04-11T21:31:19.869Z"}
{"level":"info","message":"Best ask: 119.29 @ $0.08","timestamp":"2026-04-11T21:31:19.948Z"}
{"level":"info","message":"Creating GTC Limit Order: 72.50 tokens @ $0.0500 (Total: $3.63)","timestamp":"2026-04-11T21:31:19.949Z"}
{"level":"info","message":"Best ask: 119.29 @ $0.08","timestamp":"2026-04-11T21:31:20.146Z"}
{"level":"info","message":"Creating GTC Limit Order: 72.50 tokens @ $0.0500 (Total: $3.63)","timestamp":"2026-04-11T21:31:20.147Z"}
{"level":"info","message":"New trade detected for 0xfbb7...6f27","timestamp":"2026-04-11T21:32:28.338Z"}
{"level":"info","message":"Header displayed","timestamp":"2026-04-11T21:32:28.471Z","title":"⚡ 1 NEW TRADE TO COPY","type":"header"}
{"action":"BUY","amount":0.01006,"asset":"89502503783571268430860645604230027822431206300617327931644982215795442731452","eventSlug":"highest-temperature-in-ankara-on-april-12-2026","follower":"0x132dd8...2a79","level":"info","message":"New trade detected","price":0.002,"side":"BUY","slug":"highest-temperature-in-ankara-on-april-12-2026-14corhigher","timestamp":"2026-04-11T21:32:28.834Z","traderAddress":"0xfbb7...6f27","transactionHash":"0x4660cd5de7d6e84e52b863f9ba96ee5623cc343c2837ccc222ce3b5f6902a17f","type":"trade"}
{"level":"info","message":"New trade detected for 0xfbb7...6f27","timestamp":"2026-04-11T21:32:29.002Z"}
{"level":"info","message":"Balance information displayed","myBalance":979.216639,"timestamp":"2026-04-11T21:32:29.847Z","traderAddress":"0xfbb7...6f27","traderBalance":0,"type":"balance"}
{"level":"info","message":"Executing BUY strategy...","timestamp":"2026-04-11T21:32:29.848Z"}
{"level":"info","message":"Your balance: $979.22","timestamp":"2026-04-11T21:32:29.848Z"}
{"level":"info","message":"Trader bought: $0.01","timestamp":"2026-04-11T21:32:29.848Z"}
{"level":"info","message":"📊 100% of trader's $0.01 = $0.01","timestamp":"2026-04-11T21:32:29.849Z"}
{"level":"info","message":"Best ask: 61 @ $0.007","timestamp":"2026-04-11T21:32:29.931Z"}
{"level":"info","message":"Remaining amount ($0.01) below minimum - completing trade","timestamp":"2026-04-11T21:32:29.932Z"}
{"level":"info","message":"Header displayed","timestamp":"2026-04-11T21:32:31.753Z","title":"⚡ 1 NEW TRADE TO COPY","type":"header"}
{"action":"BUY","amount":0.01006,"asset":"89502503783571268430860645604230027822431206300617327931644982215795442731452","eventSlug":"highest-temperature-in-ankara-on-april-12-2026","follower":"0x132dd8...2a79","level":"info","message":"New trade detected","price":0.002,"side":"BUY","slug":"highest-temperature-in-ankara-on-april-12-2026-14corhigher","timestamp":"2026-04-11T21:32:32.089Z","traderAddress":"0xfbb7...6f27","transactionHash":"0xf846b4f3537a6b310e207df8cfefea6fd80be43eabad09416a9aad4295f03f06","type":"trade"}
{"level":"info","message":"Balance information displayed","myBalance":979.216639,"timestamp":"2026-04-11T21:32:32.441Z","traderAddress":"0xfbb7...6f27","traderBalance":0,"type":"balance"}
{"level":"info","message":"Executing BUY strategy...","timestamp":"2026-04-11T21:32:32.441Z"}
{"level":"info","message":"Your balance: $979.22","timestamp":"2026-04-11T21:32:32.442Z"}
{"level":"info","message":"Trader bought: $0.01","timestamp":"2026-04-11T21:32:32.442Z"}
{"level":"info","message":"📊 100% of trader's $0.01 = $0.01","timestamp":"2026-04-11T21:32:32.442Z"}
{"level":"info","message":"Best ask: 61 @ $0.007","timestamp":"2026-04-11T21:32:32.521Z"}
{"level":"info","message":"Remaining amount ($0.01) below minimum - completing trade","timestamp":"2026-04-11T21:32:32.521Z"}
{"level":"info","message":"New trade detected for 0xfbb7...6f27","timestamp":"2026-04-11T21:33:38.644Z"}
{"level":"info","message":"Header displayed","timestamp":"2026-04-11T21:33:38.665Z","title":"⚡ 1 NEW TRADE TO COPY","type":"header"}
{"action":"BUY","amount":0.9,"asset":"2216839517570818463446259764024784275601050207576792960089115972914771640157","eventSlug":"highest-temperature-in-wellington-on-april-12-2026","follower":"0x132dd8...2a79","level":"info","message":"New trade detected","price":0.003,"side":"BUY","slug":"highest-temperature-in-wellington-on-april-12-2026-17c","timestamp":"2026-04-11T21:33:38.997Z","traderAddress":"0xfbb7...6f27","transactionHash":"0x224e98d28b5edc3226ad4ed6b21c2e627751c92c17293fa10af1224d9e64e232","type":"trade"}
{"level":"info","message":"Sending Telegram notification to chat 460178448...","timestamp":"2026-04-11T21:33:39.231Z"}
{"level":"info","message":"Telegram notification sent successfully: 200","timestamp":"2026-04-11T21:33:39.649Z"}
{"level":"info","message":"New trade detected for 0xfbb7...6f27","timestamp":"2026-04-11T21:34:49.021Z"}
{"level":"info","message":"Header displayed","timestamp":"2026-04-11T21:34:49.053Z","title":"⚡ 1 NEW TRADE TO COPY","type":"header"}
{"action":"BUY","amount":0.06762,"asset":"13362210088749297709654627968103727360351728747293186822183611901935281363810","eventSlug":"highest-temperature-in-mexico-city-on-april-13-2026","follower":"0x132dd8...2a79","level":"info","message":"New trade detected","price":0.003,"side":"BUY","slug":"highest-temperature-in-mexico-city-on-april-13-2026-22c","timestamp":"2026-04-11T21:34:49.422Z","traderAddress":"0xfbb7...6f27","transactionHash":"0xcad5762b21e6be695234951b9de09f2aa5924003653886b7b9d6cac41fd9e706","type":"trade"}
{"level":"info","message":"New trade detected for 0xfbb7...6f27","timestamp":"2026-04-11T21:34:49.710Z"}
{"level":"info","message":"Balance information displayed","myBalance":979.216639,"timestamp":"2026-04-11T21:34:50.339Z","traderAddress":"0xfbb7...6f27","traderBalance":0,"type":"balance"}
{"level":"info","message":"Executing BUY strategy...","timestamp":"2026-04-11T21:34:50.339Z"}
{"level":"info","message":"Your balance: $979.22","timestamp":"2026-04-11T21:34:50.340Z"}
{"level":"info","message":"Trader bought: $0.07","timestamp":"2026-04-11T21:34:50.340Z"}
{"level":"info","message":"📊 100% of trader's $0.07 = $0.07","timestamp":"2026-04-11T21:34:50.340Z"}
{"level":"info","message":"Best ask: 139.06 @ $0.012","timestamp":"2026-04-11T21:34:50.418Z"}
{"level":"info","message":"Remaining amount ($0.07) below minimum - completing trade","timestamp":"2026-04-11T21:34:50.421Z"}
{"level":"info","message":"Header displayed","timestamp":"2026-04-11T21:34:52.243Z","title":"⚡ 1 NEW TRADE TO COPY","type":"header"}
{"action":"BUY","amount":0.06762,"asset":"13362210088749297709654627968103727360351728747293186822183611901935281363810","eventSlug":"highest-temperature-in-mexico-city-on-april-13-2026","follower":"0x132dd8...2a79","level":"info","message":"New trade detected","price":0.003,"side":"BUY","slug":"highest-temperature-in-mexico-city-on-april-13-2026-22c","timestamp":"2026-04-11T21:34:52.593Z","traderAddress":"0xfbb7...6f27","transactionHash":"0xf1bed024ed9fb276ea4b499c0db358404f4adb4db05227239fe83bb0431b731e","type":"trade"}
{"level":"info","message":"Balance information displayed","myBalance":979.216639,"timestamp":"2026-04-11T21:34:52.937Z","traderAddress":"0xfbb7...6f27","traderBalance":0,"type":"balance"}
{"level":"info","message":"Executing BUY strategy...","timestamp":"2026-04-11T21:34:52.937Z"}
{"level":"info","message":"Your balance: $979.22","timestamp":"2026-04-11T21:34:52.937Z"}
{"level":"info","message":"Trader bought: $0.07","timestamp":"2026-04-11T21:34:52.938Z"}
{"level":"info","message":"📊 100% of trader's $0.07 = $0.07","timestamp":"2026-04-11T21:34:52.938Z"}
{"level":"info","message":"Best ask: 139.06 @ $0.012","timestamp":"2026-04-11T21:34:53.013Z"}
{"level":"info","message":"Remaining amount ($0.07) below minimum - completing trade","timestamp":"2026-04-11T21:34:53.160Z"}
